[0.477s] Invoking command in '/home/moon/project/ros2_21/build/learning_node_cpp': CMAKE_PREFIX_PATH=${CMAKE_PREFIX_PATH}:/home/moon/project/Pixhawkdrone/install/drone:/opt/ros/humble /usr/bin/cmake /home/moon/project/ros2_21/learning_node_cpp -DCMAKE_INSTALL_PREFIX=/home/moon/project/ros2_21/install/learning_node_cpp
[0.978s] -- The C compiler identification is GNU 11.4.0
[0.978s] -- The CXX compiler identification is GNU 11.4.0
[0.978s] -- Detecting C compiler ABI info
[0.978s] -- Detecting C compiler ABI info - done
[0.979s] -- Check for working C compiler: /usr/bin/cc - skipped
[0.979s] -- Detecting C compile features
[0.979s] -- Detecting C compile features - done
[0.979s] -- Detecting CXX compiler ABI info
[0.979s] -- Detecting CXX compiler ABI info - done
[0.979s] -- Check for working CXX compiler: /usr/bin/c++ - skipped
[0.979s] -- Detecting CXX compile features
[0.979s] -- Detecting CXX compile features - done
[0.979s] -- Found ament_cmake: 1.3.10 (/opt/ros/humble/share/ament_cmake/cmake)
[0.979s] -- Found Python3: /usr/bin/python3 (found version "3.10.12") found components: Interpreter 
[0.979s] -- Found rclcpp: 16.0.10 (/opt/ros/humble/share/rclcpp/cmake)
[0.981s] -- Found rosidl_generator_c: 3.1.5 (/opt/ros/humble/share/rosidl_generator_c/cmake)
[0.981s] -- Found rosidl_adapter: 3.1.5 (/opt/ros/humble/share/rosidl_adapter/cmake)
[0.985s] -- Found rosidl_generator_cpp: 3.1.5 (/opt/ros/humble/share/rosidl_generator_cpp/cmake)
[0.992s] -- Using all available rosidl_typesupport_c: rosidl_typesupport_fastrtps_c;rosidl_typesupport_introspection_c
[1.001s] -- Using all available rosidl_typesupport_cpp: rosidl_typesupport_fastrtps_cpp;rosidl_typesupport_introspection_cpp
[1.027s] -- Found rmw_implementation_cmake: 6.1.2 (/opt/ros/humble/share/rmw_implementation_cmake/cmake)
[1.029s] -- Found rmw_fastrtps_cpp: 6.2.7 (/opt/ros/humble/share/rmw_fastrtps_cpp/cmake)
[1.095s] -- Found OpenSSL: /usr/lib/x86_64-linux-gnu/libcrypto.so (found version "3.0.2")  
[1.124s] -- Found FastRTPS: /opt/ros/humble/include  
[1.170s] -- Using RMW implementation 'rmw_fastrtps_cpp' as default
[1.177s] -- Looking for pthread.h
[1.250s] -- Looking for pthread.h - found
[1.250s] -- Performing Test CMAKE_HAVE_LIBC_PTHREAD
[1.334s] -- Performing Test CMAKE_HAVE_LIBC_PTHREAD - Success
[1.335s] -- Found Threads: TRUE  
[1.389s] -- Found ament_lint_auto: 0.12.11 (/opt/ros/humble/share/ament_lint_auto/cmake)
[1.468s] -- Added test 'cppcheck' to perform static code analysis on C / C++ code
[1.469s] -- Configured cppcheck include dirs: 
[1.469s] -- Configured cppcheck exclude dirs and/or files: 
[1.470s] -- Added test 'lint_cmake' to check CMake code style
[1.470s] -- Added test 'uncrustify' to check C / C++ code style
[1.471s] -- Configured uncrustify additional arguments: 
[1.471s] -- Added test 'xmllint' to check XML markup files
[1.472s] -- Configuring done
[1.484s] -- Generating done
[1.484s] -- Build files have been written to: /home/moon/project/ros2_21/build/learning_node_cpp
[1.496s] Invoked command in '/home/moon/project/ros2_21/build/learning_node_cpp' returned '0': CMAKE_PREFIX_PATH=${CMAKE_PREFIX_PATH}:/home/moon/project/Pixhawkdrone/install/drone:/opt/ros/humble /usr/bin/cmake /home/moon/project/ros2_21/learning_node_cpp -DCMAKE_INSTALL_PREFIX=/home/moon/project/ros2_21/install/learning_node_cpp
[1.496s] Invoking command in '/home/moon/project/ros2_21/build/learning_node_cpp': CMAKE_PREFIX_PATH=${CMAKE_PREFIX_PATH}:/home/moon/project/Pixhawkdrone/install/drone:/opt/ros/humble /usr/bin/cmake --build /home/moon/project/ros2_21/build/learning_node_cpp -- -j16 -l16
[1.559s] [ 50%] [32mBuilding CXX object CMakeFiles/node_helloworld_class.dir/src/node_helloworld_class.cpp.o[0m
[3.926s] [100%] [32m[1mLinking CXX executable node_helloworld_class[0m
[4.005s] [100%] Built target node_helloworld_class
[4.015s] Invoked command in '/home/moon/project/ros2_21/build/learning_node_cpp' returned '0': CMAKE_PREFIX_PATH=${CMAKE_PREFIX_PATH}:/home/moon/project/Pixhawkdrone/install/drone:/opt/ros/humble /usr/bin/cmake --build /home/moon/project/ros2_21/build/learning_node_cpp -- -j16 -l16
[4.036s] Invoking command in '/home/moon/project/ros2_21/build/learning_node_cpp': CMAKE_PREFIX_PATH=${CMAKE_PREFIX_PATH}:/home/moon/project/Pixhawkdrone/install/drone:/opt/ros/humble /usr/bin/cmake --install /home/moon/project/ros2_21/build/learning_node_cpp
[4.043s] -- Install configuration: ""
[4.043s] -- Installing: /home/moon/project/ros2_21/install/learning_node_cpp/lib/learning_node_cpp/node_helloworld_class
[4.043s] -- Set runtime path of "/home/moon/project/ros2_21/install/learning_node_cpp/lib/learning_node_cpp/node_helloworld_class" to ""
[4.043s] -- Installing: /home/moon/project/ros2_21/install/learning_node_cpp/share/ament_index/resource_index/package_run_dependencies/learning_node_cpp
[4.043s] -- Installing: /home/moon/project/ros2_21/install/learning_node_cpp/share/ament_index/resource_index/parent_prefix_path/learning_node_cpp
[4.043s] -- Installing: /home/moon/project/ros2_21/install/learning_node_cpp/share/learning_node_cpp/environment/ament_prefix_path.sh
[4.043s] -- Installing: /home/moon/project/ros2_21/install/learning_node_cpp/share/learning_node_cpp/environment/ament_prefix_path.dsv
[4.044s] -- Installing: /home/moon/project/ros2_21/install/learning_node_cpp/share/learning_node_cpp/environment/path.sh
[4.044s] -- Installing: /home/moon/project/ros2_21/install/learning_node_cpp/share/learning_node_cpp/environment/path.dsv
[4.044s] -- Installing: /home/moon/project/ros2_21/install/learning_node_cpp/share/learning_node_cpp/local_setup.bash
[4.044s] -- Installing: /home/moon/project/ros2_21/install/learning_node_cpp/share/learning_node_cpp/local_setup.sh
[4.044s] -- Installing: /home/moon/project/ros2_21/install/learning_node_cpp/share/learning_node_cpp/local_setup.zsh
[4.044s] -- Installing: /home/moon/project/ros2_21/install/learning_node_cpp/share/learning_node_cpp/local_setup.dsv
[4.044s] -- Installing: /home/moon/project/ros2_21/install/learning_node_cpp/share/learning_node_cpp/package.dsv
[4.044s] -- Installing: /home/moon/project/ros2_21/install/learning_node_cpp/share/ament_index/resource_index/packages/learning_node_cpp
[4.044s] -- Installing: /home/moon/project/ros2_21/install/learning_node_cpp/share/learning_node_cpp/cmake/learning_node_cppConfig.cmake
[4.044s] -- Installing: /home/moon/project/ros2_21/install/learning_node_cpp/share/learning_node_cpp/cmake/learning_node_cppConfig-version.cmake
[4.045s] -- Installing: /home/moon/project/ros2_21/install/learning_node_cpp/share/learning_node_cpp/package.xml
[4.047s] Invoked command in '/home/moon/project/ros2_21/build/learning_node_cpp' returned '0': CMAKE_PREFIX_PATH=${CMAKE_PREFIX_PATH}:/home/moon/project/Pixhawkdrone/install/drone:/opt/ros/humble /usr/bin/cmake --install /home/moon/project/ros2_21/build/learning_node_cpp
