[1.715s] Invoking command in '/home/moon/project/ros2_21/learning_parameter': PYTHONPATH=/home/moon/project/ros2_21/build/learning_parameter/prefix_override:/usr/lib/python3/dist-packages/colcon_core/task/python/colcon_distutils_commands:/home/moon/project/ros2_21/install/learning_parameter/lib/python3.10/site-packages:${PYTHONPATH} /usr/bin/python3 -W ignore:setup.py install is deprecated setup.py egg_info --egg-base ../build/learning_parameter build --build-base /home/moon/project/ros2_21/build/learning_parameter/build install --record /home/moon/project/ros2_21/build/learning_parameter/install.log --single-version-externally-managed install_data
[1.951s] running egg_info
[1.951s] creating ../build/learning_parameter/learning_parameter.egg-info
[1.969s] writing ../build/learning_parameter/learning_parameter.egg-info/PKG-INFO
[1.969s] writing dependency_links to ../build/learning_parameter/learning_parameter.egg-info/dependency_links.txt
[1.969s] writing entry points to ../build/learning_parameter/learning_parameter.egg-info/entry_points.txt
[1.969s] writing requirements to ../build/learning_parameter/learning_parameter.egg-info/requires.txt
[1.969s] writing top-level names to ../build/learning_parameter/learning_parameter.egg-info/top_level.txt
[1.969s] writing manifest file '../build/learning_parameter/learning_parameter.egg-info/SOURCES.txt'
[2.001s] reading manifest file '../build/learning_parameter/learning_parameter.egg-info/SOURCES.txt'
[2.004s] writing manifest file '../build/learning_parameter/learning_parameter.egg-info/SOURCES.txt'
[2.004s] running build
[2.004s] running build_py
[2.004s] creating /home/moon/project/ros2_21/build/learning_parameter/build
[2.004s] creating /home/moon/project/ros2_21/build/learning_parameter/build/lib
[2.004s] creating /home/moon/project/ros2_21/build/learning_parameter/build/lib/learning_parameter
[2.004s] copying learning_parameter/param_object_detect.py -> /home/moon/project/ros2_21/build/learning_parameter/build/lib/learning_parameter
[2.004s] copying learning_parameter/param_declare.py -> /home/moon/project/ros2_21/build/learning_parameter/build/lib/learning_parameter
[2.004s] copying learning_parameter/__init__.py -> /home/moon/project/ros2_21/build/learning_parameter/build/lib/learning_parameter
[2.004s] running install
[2.010s] running install_lib
[2.032s] creating /home/moon/project/ros2_21/install/learning_parameter/lib/python3.10/site-packages/learning_parameter
[2.032s] copying /home/moon/project/ros2_21/build/learning_parameter/build/lib/learning_parameter/param_object_detect.py -> /home/moon/project/ros2_21/install/learning_parameter/lib/python3.10/site-packages/learning_parameter
[2.032s] copying /home/moon/project/ros2_21/build/learning_parameter/build/lib/learning_parameter/param_declare.py -> /home/moon/project/ros2_21/install/learning_parameter/lib/python3.10/site-packages/learning_parameter
[2.032s] copying /home/moon/project/ros2_21/build/learning_parameter/build/lib/learning_parameter/__init__.py -> /home/moon/project/ros2_21/install/learning_parameter/lib/python3.10/site-packages/learning_parameter
[2.032s] byte-compiling /home/moon/project/ros2_21/install/learning_parameter/lib/python3.10/site-packages/learning_parameter/param_object_detect.py to param_object_detect.cpython-310.pyc
[2.034s] byte-compiling /home/moon/project/ros2_21/install/learning_parameter/lib/python3.10/site-packages/learning_parameter/param_declare.py to param_declare.cpython-310.pyc
[2.037s] byte-compiling /home/moon/project/ros2_21/install/learning_parameter/lib/python3.10/site-packages/learning_parameter/__init__.py to __init__.cpython-310.pyc
[2.037s] running install_data
[2.037s] creating /home/moon/project/ros2_21/install/learning_parameter/share/ament_index
[2.037s] creating /home/moon/project/ros2_21/install/learning_parameter/share/ament_index/resource_index
[2.037s] creating /home/moon/project/ros2_21/install/learning_parameter/share/ament_index/resource_index/packages
[2.037s] copying resource/learning_parameter -> /home/moon/project/ros2_21/install/learning_parameter/share/ament_index/resource_index/packages
[2.038s] copying package.xml -> /home/moon/project/ros2_21/install/learning_parameter/share/learning_parameter
[2.038s] running install_egg_info
[2.057s] Copying ../build/learning_parameter/learning_parameter.egg-info to /home/moon/project/ros2_21/install/learning_parameter/lib/python3.10/site-packages/learning_parameter-0.0.0-py3.10.egg-info
[2.058s] running install_scripts
[2.202s] Installing param_declare script to /home/moon/project/ros2_21/install/learning_parameter/lib/learning_parameter
[2.203s] Installing param_object_detect script to /home/moon/project/ros2_21/install/learning_parameter/lib/learning_parameter
[2.204s] writing list of installed files to '/home/moon/project/ros2_21/build/learning_parameter/install.log'
[2.269s] Invoked command in '/home/moon/project/ros2_21/learning_parameter' returned '0': PYTHONPATH=/home/moon/project/ros2_21/build/learning_parameter/prefix_override:/usr/lib/python3/dist-packages/colcon_core/task/python/colcon_distutils_commands:/home/moon/project/ros2_21/install/learning_parameter/lib/python3.10/site-packages:${PYTHONPATH} /usr/bin/python3 -W ignore:setup.py install is deprecated setup.py egg_info --egg-base ../build/learning_parameter build --build-base /home/moon/project/ros2_21/build/learning_parameter/build install --record /home/moon/project/ros2_21/build/learning_parameter/install.log --single-version-externally-managed install_data
