[1.712s] Invoking command in '/home/moon/project/ros2_21/learning_urdf': PYTHONPATH=/home/moon/project/ros2_21/build/learning_urdf/prefix_override:/usr/lib/python3/dist-packages/colcon_core/task/python/colcon_distutils_commands:/home/moon/project/ros2_21/install/learning_urdf/lib/python3.10/site-packages:${PYTHONPATH} /usr/bin/python3 -W ignore:setup.py install is deprecated setup.py egg_info --egg-base ../build/learning_urdf build --build-base /home/moon/project/ros2_21/build/learning_urdf/build install --record /home/moon/project/ros2_21/build/learning_urdf/install.log --single-version-externally-managed install_data
[2.199s] running egg_info
[2.200s] creating ../build/learning_urdf/learning_urdf.egg-info
[2.200s] writing ../build/learning_urdf/learning_urdf.egg-info/PKG-INFO
[2.200s] writing dependency_links to ../build/learning_urdf/learning_urdf.egg-info/dependency_links.txt
[2.200s] writing requirements to ../build/learning_urdf/learning_urdf.egg-info/requires.txt
[2.200s] writing top-level names to ../build/learning_urdf/learning_urdf.egg-info/top_level.txt
[2.200s] writing manifest file '../build/learning_urdf/learning_urdf.egg-info/SOURCES.txt'
[2.200s] reading manifest file '../build/learning_urdf/learning_urdf.egg-info/SOURCES.txt'
[2.200s] writing manifest file '../build/learning_urdf/learning_urdf.egg-info/SOURCES.txt'
[2.200s] running build
[2.200s] running build_py
[2.200s] creating /home/moon/project/ros2_21/build/learning_urdf/build
[2.200s] creating /home/moon/project/ros2_21/build/learning_urdf/build/lib
[2.200s] creating /home/moon/project/ros2_21/build/learning_urdf/build/lib/learning_urdf
[2.200s] copying learning_urdf/__init__.py -> /home/moon/project/ros2_21/build/learning_urdf/build/lib/learning_urdf
[2.200s] running install
[2.200s] running install_lib
[2.200s] creating /home/moon/project/ros2_21/install/learning_urdf/lib/python3.10/site-packages/learning_urdf
[2.200s] copying /home/moon/project/ros2_21/build/learning_urdf/build/lib/learning_urdf/__init__.py -> /home/moon/project/ros2_21/install/learning_urdf/lib/python3.10/site-packages/learning_urdf
[2.200s] byte-compiling /home/moon/project/ros2_21/install/learning_urdf/lib/python3.10/site-packages/learning_urdf/__init__.py to __init__.cpython-310.pyc
[2.200s] running install_data
[2.200s] creating /home/moon/project/ros2_21/install/learning_urdf/share/ament_index
[2.200s] creating /home/moon/project/ros2_21/install/learning_urdf/share/ament_index/resource_index
[2.200s] creating /home/moon/project/ros2_21/install/learning_urdf/share/ament_index/resource_index/packages
[2.200s] copying resource/learning_urdf -> /home/moon/project/ros2_21/install/learning_urdf/share/ament_index/resource_index/packages
[2.200s] copying package.xml -> /home/moon/project/ros2_21/install/learning_urdf/share/learning_urdf
[2.200s] creating /home/moon/project/ros2_21/install/learning_urdf/share/learning_urdf/launch
[2.200s] copying launch/display_xacro.launch.py -> /home/moon/project/ros2_21/install/learning_urdf/share/learning_urdf/launch
[2.200s] copying launch/display.launch.py -> /home/moon/project/ros2_21/install/learning_urdf/share/learning_urdf/launch
[2.200s] creating /home/moon/project/ros2_21/install/learning_urdf/share/learning_urdf/urdf
[2.201s] copying urdf/mbot_with_camera.urdf -> /home/moon/project/ros2_21/install/learning_urdf/share/learning_urdf/urdf
[2.201s] copying urdf/mbot_with_laser.urdf -> /home/moon/project/ros2_21/install/learning_urdf/share/learning_urdf/urdf
[2.201s] copying urdf/mbot_base.urdf -> /home/moon/project/ros2_21/install/learning_urdf/share/learning_urdf/urdf
[2.201s] copying urdf/mbot_with_kinect.urdf -> /home/moon/project/ros2_21/install/learning_urdf/share/learning_urdf/urdf
[2.201s] copying urdf/mbot_base.xacro -> /home/moon/project/ros2_21/install/learning_urdf/share/learning_urdf/urdf
[2.201s] creating /home/moon/project/ros2_21/install/learning_urdf/share/learning_urdf/urdf/sensors
[2.201s] copying urdf/sensors/kinect_gazebo.xacro -> /home/moon/project/ros2_21/install/learning_urdf/share/learning_urdf/urdf/sensors
[2.201s] copying urdf/sensors/camera_gazebo.xacro -> /home/moon/project/ros2_21/install/learning_urdf/share/learning_urdf/urdf/sensors
[2.201s] copying urdf/sensors/lidar_gazebo.xacro -> /home/moon/project/ros2_21/install/learning_urdf/share/learning_urdf/urdf/sensors
[2.201s] creating /home/moon/project/ros2_21/install/learning_urdf/share/learning_urdf/meshes
[2.201s] copying meshes/kinect.jpg -> /home/moon/project/ros2_21/install/learning_urdf/share/learning_urdf/meshes
[2.201s] copying meshes/kinect.tga -> /home/moon/project/ros2_21/install/learning_urdf/share/learning_urdf/meshes
[2.201s] copying meshes/kinect.dae -> /home/moon/project/ros2_21/install/learning_urdf/share/learning_urdf/meshes
[2.201s] creating /home/moon/project/ros2_21/install/learning_urdf/share/learning_urdf/rviz
[2.201s] copying rviz/urdf.rviz -> /home/moon/project/ros2_21/install/learning_urdf/share/learning_urdf/rviz
[2.201s] running install_egg_info
[2.201s] Copying ../build/learning_urdf/learning_urdf.egg-info to /home/moon/project/ros2_21/install/learning_urdf/lib/python3.10/site-packages/learning_urdf-0.0.0-py3.10.egg-info
[2.201s] running install_scripts
[2.201s] writing list of installed files to '/home/moon/project/ros2_21/build/learning_urdf/install.log'
[2.243s] Invoked command in '/home/moon/project/ros2_21/learning_urdf' returned '0': PYTHONPATH=/home/moon/project/ros2_21/build/learning_urdf/prefix_override:/usr/lib/python3/dist-packages/colcon_core/task/python/colcon_distutils_commands:/home/moon/project/ros2_21/install/learning_urdf/lib/python3.10/site-packages:${PYTHONPATH} /usr/bin/python3 -W ignore:setup.py install is deprecated setup.py egg_info --egg-base ../build/learning_urdf build --build-base /home/moon/project/ros2_21/build/learning_urdf/build install --record /home/moon/project/ros2_21/build/learning_urdf/install.log --single-version-externally-managed install_data
