[0.253s] Invoking command in '/home/moon/project/ros2_21/build/learning_service_cpp': AMENT_PREFIX_PATH=/home/moon/project/ros2_21/install/learning_interface:${AMENT_PREFIX_PATH} CMAKE_PREFIX_PATH=/home/moon/project/ros2_21/install/learning_interface:/home/moon/project/Pixhawkdrone/dev_ws/install/px4_ros_com:/home/moon/project/Pixhawkdrone/dev_ws/install/px4_msgs:/home/moon/project/Pixhawkdrone/install/px4_ros_com:/home/moon/project/Pixhawkdrone/install/px4_msgs:/home/moon/project/Pixhawkdrone/install/drone:/opt/ros/humble LD_LIBRARY_PATH=/home/moon/project/ros2_21/install/learning_interface/lib:${LD_LIBRARY_PATH} PYTHONPATH=/home/moon/project/ros2_21/install/learning_interface/local/lib/python3.10/dist-packages:${PYTHONPATH} /usr/bin/cmake /home/moon/project/ros2_21/learning_service_cpp -DCMAKE_INSTALL_PREFIX=/home/moon/project/ros2_21/install/learning_service_cpp
[0.289s] -- The C compiler identification is GNU 11.4.0
[0.326s] -- The CXX compiler identification is GNU 11.4.0
[0.331s] -- Detecting C compiler ABI info
[0.384s] -- Detecting C compiler ABI info - done
[0.387s] -- Check for working C compiler: /usr/bin/cc - skipped
[0.387s] -- Detecting C compile features
[0.388s] -- Detecting C compile features - done
[0.389s] -- Detecting CXX compiler ABI info
[0.448s] -- Detecting CXX compiler ABI info - done
[0.455s] -- Check for working CXX compiler: /usr/bin/c++ - skipped
[0.455s] -- Detecting CXX compile features
[0.455s] -- Detecting CXX compile features - done
[0.458s] -- Found ament_cmake: 1.3.10 (/opt/ros/humble/share/ament_cmake/cmake)
[0.707s] -- Found Python3: /usr/bin/python3 (found version "3.10.12") found components: Interpreter 
[0.767s] -- Found rclcpp: 16.0.10 (/opt/ros/humble/share/rclcpp/cmake)
[0.794s] -- Found rosidl_generator_c: 3.1.5 (/opt/ros/humble/share/rosidl_generator_c/cmake)
[0.797s] -- Found rosidl_adapter: 3.1.5 (/opt/ros/humble/share/rosidl_adapter/cmake)
[0.803s] -- Found rosidl_generator_cpp: 3.1.5 (/opt/ros/humble/share/rosidl_generator_cpp/cmake)
[0.810s] -- Using all available rosidl_typesupport_c: rosidl_typesupport_fastrtps_c;rosidl_typesupport_introspection_c
[0.819s] -- Using all available rosidl_typesupport_cpp: rosidl_typesupport_fastrtps_cpp;rosidl_typesupport_introspection_cpp
[0.846s] -- Found rmw_implementation_cmake: 6.1.2 (/opt/ros/humble/share/rmw_implementation_cmake/cmake)
[0.848s] -- Found rmw_fastrtps_cpp: 6.2.7 (/opt/ros/humble/share/rmw_fastrtps_cpp/cmake)
[0.921s] -- Found OpenSSL: /usr/lib/x86_64-linux-gnu/libcrypto.so (found version "3.0.2")  
[0.942s] -- Found FastRTPS: /opt/ros/humble/include  
[0.974s] -- Using RMW implementation 'rmw_fastrtps_cpp' as default
[0.980s] -- Looking for pthread.h
[1.037s] -- Looking for pthread.h - found
[1.037s] -- Performing Test CMAKE_HAVE_LIBC_PTHREAD
[1.095s] -- Performing Test CMAKE_HAVE_LIBC_PTHREAD - Success
[1.095s] -- Found Threads: TRUE  
[1.123s] -- Found learning_interface: 0.0.0 (/home/moon/project/ros2_21/install/learning_interface/share/learning_interface/cmake)
[1.146s] -- Found ament_lint_auto: 0.12.11 (/opt/ros/humble/share/ament_lint_auto/cmake)
[1.194s] -- Added test 'cppcheck' to perform static code analysis on C / C++ code
[1.194s] -- Configured cppcheck include dirs: 
[1.194s] -- Configured cppcheck exclude dirs and/or files: 
[1.194s] -- Added test 'lint_cmake' to check CMake code style
[1.195s] -- Added test 'uncrustify' to check C / C++ code style
[1.195s] -- Configured uncrustify additional arguments: 
[1.195s] -- Added test 'xmllint' to check XML markup files
[1.196s] -- Configuring done
[1.203s] -- Generating done
[1.204s] -- Build files have been written to: /home/moon/project/ros2_21/build/learning_service_cpp
[1.211s] Invoked command in '/home/moon/project/ros2_21/build/learning_service_cpp' returned '0': AMENT_PREFIX_PATH=/home/moon/project/ros2_21/install/learning_interface:${AMENT_PREFIX_PATH} CMAKE_PREFIX_PATH=/home/moon/project/ros2_21/install/learning_interface:/home/moon/project/Pixhawkdrone/dev_ws/install/px4_ros_com:/home/moon/project/Pixhawkdrone/dev_ws/install/px4_msgs:/home/moon/project/Pixhawkdrone/install/px4_ros_com:/home/moon/project/Pixhawkdrone/install/px4_msgs:/home/moon/project/Pixhawkdrone/install/drone:/opt/ros/humble LD_LIBRARY_PATH=/home/moon/project/ros2_21/install/learning_interface/lib:${LD_LIBRARY_PATH} PYTHONPATH=/home/moon/project/ros2_21/install/learning_interface/local/lib/python3.10/dist-packages:${PYTHONPATH} /usr/bin/cmake /home/moon/project/ros2_21/learning_service_cpp -DCMAKE_INSTALL_PREFIX=/home/moon/project/ros2_21/install/learning_service_cpp
[1.212s] Invoking command in '/home/moon/project/ros2_21/build/learning_service_cpp': AMENT_PREFIX_PATH=/home/moon/project/ros2_21/install/learning_interface:${AMENT_PREFIX_PATH} CMAKE_PREFIX_PATH=/home/moon/project/ros2_21/install/learning_interface:/home/moon/project/Pixhawkdrone/dev_ws/install/px4_ros_com:/home/moon/project/Pixhawkdrone/dev_ws/install/px4_msgs:/home/moon/project/Pixhawkdrone/install/px4_ros_com:/home/moon/project/Pixhawkdrone/install/px4_msgs:/home/moon/project/Pixhawkdrone/install/drone:/opt/ros/humble LD_LIBRARY_PATH=/home/moon/project/ros2_21/install/learning_interface/lib:${LD_LIBRARY_PATH} PYTHONPATH=/home/moon/project/ros2_21/install/learning_interface/local/lib/python3.10/dist-packages:${PYTHONPATH} /usr/bin/cmake --build /home/moon/project/ros2_21/build/learning_service_cpp -- -j16 -l16
[1.254s] [ 50%] [32mBuilding CXX object CMakeFiles/service_adder_client.dir/src/service_adder_client.cpp.o[0m
[1.254s] [ 50%] [32mBuilding CXX object CMakeFiles/service_adder_server.dir/src/service_adder_server.cpp.o[0m
[3.332s] [ 75%] [32m[1mLinking CXX executable service_adder_server[0m
[3.427s] [ 75%] Built target service_adder_server
[3.554s] [100%] [32m[1mLinking CXX executable service_adder_client[0m
[3.664s] [100%] Built target service_adder_client
[3.675s] Invoked command in '/home/moon/project/ros2_21/build/learning_service_cpp' returned '0': AMENT_PREFIX_PATH=/home/moon/project/ros2_21/install/learning_interface:${AMENT_PREFIX_PATH} CMAKE_PREFIX_PATH=/home/moon/project/ros2_21/install/learning_interface:/home/moon/project/Pixhawkdrone/dev_ws/install/px4_ros_com:/home/moon/project/Pixhawkdrone/dev_ws/install/px4_msgs:/home/moon/project/Pixhawkdrone/install/px4_ros_com:/home/moon/project/Pixhawkdrone/install/px4_msgs:/home/moon/project/Pixhawkdrone/install/drone:/opt/ros/humble LD_LIBRARY_PATH=/home/moon/project/ros2_21/install/learning_interface/lib:${LD_LIBRARY_PATH} PYTHONPATH=/home/moon/project/ros2_21/install/learning_interface/local/lib/python3.10/dist-packages:${PYTHONPATH} /usr/bin/cmake --build /home/moon/project/ros2_21/build/learning_service_cpp -- -j16 -l16
[3.704s] Invoking command in '/home/moon/project/ros2_21/build/learning_service_cpp': AMENT_PREFIX_PATH=/home/moon/project/ros2_21/install/learning_interface:${AMENT_PREFIX_PATH} CMAKE_PREFIX_PATH=/home/moon/project/ros2_21/install/learning_interface:/home/moon/project/Pixhawkdrone/dev_ws/install/px4_ros_com:/home/moon/project/Pixhawkdrone/dev_ws/install/px4_msgs:/home/moon/project/Pixhawkdrone/install/px4_ros_com:/home/moon/project/Pixhawkdrone/install/px4_msgs:/home/moon/project/Pixhawkdrone/install/drone:/opt/ros/humble LD_LIBRARY_PATH=/home/moon/project/ros2_21/install/learning_interface/lib:${LD_LIBRARY_PATH} PYTHONPATH=/home/moon/project/ros2_21/install/learning_interface/local/lib/python3.10/dist-packages:${PYTHONPATH} /usr/bin/cmake --install /home/moon/project/ros2_21/build/learning_service_cpp
[3.709s] -- Install configuration: ""
[3.710s] -- Installing: /home/moon/project/ros2_21/install/learning_service_cpp/lib/learning_service_cpp/service_adder_server
[3.710s] -- Set runtime path of "/home/moon/project/ros2_21/install/learning_service_cpp/lib/learning_service_cpp/service_adder_server" to ""
[3.710s] -- Installing: /home/moon/project/ros2_21/install/learning_service_cpp/lib/learning_service_cpp/service_adder_client
[3.711s] -- Set runtime path of "/home/moon/project/ros2_21/install/learning_service_cpp/lib/learning_service_cpp/service_adder_client" to ""
[3.711s] -- Installing: /home/moon/project/ros2_21/install/learning_service_cpp/share/ament_index/resource_index/package_run_dependencies/learning_service_cpp
[3.711s] -- Installing: /home/moon/project/ros2_21/install/learning_service_cpp/share/ament_index/resource_index/parent_prefix_path/learning_service_cpp
[3.711s] -- Installing: /home/moon/project/ros2_21/install/learning_service_cpp/share/learning_service_cpp/environment/ament_prefix_path.sh
[3.711s] -- Installing: /home/moon/project/ros2_21/install/learning_service_cpp/share/learning_service_cpp/environment/ament_prefix_path.dsv
[3.711s] -- Installing: /home/moon/project/ros2_21/install/learning_service_cpp/share/learning_service_cpp/environment/path.sh
[3.711s] -- Installing: /home/moon/project/ros2_21/install/learning_service_cpp/share/learning_service_cpp/environment/path.dsv
[3.711s] -- Installing: /home/moon/project/ros2_21/install/learning_service_cpp/share/learning_service_cpp/local_setup.bash
[3.711s] -- Installing: /home/moon/project/ros2_21/install/learning_service_cpp/share/learning_service_cpp/local_setup.sh
[3.712s] -- Installing: /home/moon/project/ros2_21/install/learning_service_cpp/share/learning_service_cpp/local_setup.zsh
[3.712s] -- Installing: /home/moon/project/ros2_21/install/learning_service_cpp/share/learning_service_cpp/local_setup.dsv
[3.712s] -- Installing: /home/moon/project/ros2_21/install/learning_service_cpp/share/learning_service_cpp/package.dsv
[3.712s] -- Installing: /home/moon/project/ros2_21/install/learning_service_cpp/share/ament_index/resource_index/packages/learning_service_cpp
[3.712s] -- Installing: /home/moon/project/ros2_21/install/learning_service_cpp/share/learning_service_cpp/cmake/learning_service_cppConfig.cmake
[3.712s] -- Installing: /home/moon/project/ros2_21/install/learning_service_cpp/share/learning_service_cpp/cmake/learning_service_cppConfig-version.cmake
[3.712s] -- Installing: /home/moon/project/ros2_21/install/learning_service_cpp/share/learning_service_cpp/package.xml
[3.714s] Invoked command in '/home/moon/project/ros2_21/build/learning_service_cpp' returned '0': AMENT_PREFIX_PATH=/home/moon/project/ros2_21/install/learning_interface:${AMENT_PREFIX_PATH} CMAKE_PREFIX_PATH=/home/moon/project/ros2_21/install/learning_interface:/home/moon/project/Pixhawkdrone/dev_ws/install/px4_ros_com:/home/moon/project/Pixhawkdrone/dev_ws/install/px4_msgs:/home/moon/project/Pixhawkdrone/install/px4_ros_com:/home/moon/project/Pixhawkdrone/install/px4_msgs:/home/moon/project/Pixhawkdrone/install/drone:/opt/ros/humble LD_LIBRARY_PATH=/home/moon/project/ros2_21/install/learning_interface/lib:${LD_LIBRARY_PATH} PYTHONPATH=/home/moon/project/ros2_21/install/learning_interface/local/lib/python3.10/dist-packages:${PYTHONPATH} /usr/bin/cmake --install /home/moon/project/ros2_21/build/learning_service_cpp
