[0.038s] Invoking command in '/home/moon/project/ros2_21/build/learning_interface': CMAKE_PREFIX_PATH=${CMAKE_PREFIX_PATH}:/home/moon/project/Pixhawkdrone/install/drone:/opt/ros/humble /usr/bin/cmake /home/moon/project/ros2_21/learning_interface -DCMAKE_INSTALL_PREFIX=/home/moon/project/ros2_21/install/learning_interface
[0.979s] -- The C compiler identification is GNU 11.4.0
[0.979s] -- The CXX compiler identification is GNU 11.4.0
[0.979s] -- Detecting C compiler ABI info
[0.979s] -- Detecting C compiler ABI info - done
[0.979s] -- Check for working C compiler: /usr/bin/cc - skipped
[0.979s] -- Detecting C compile features
[0.980s] -- Detecting C compile features - done
[0.980s] -- Detecting CXX compiler ABI info
[0.980s] -- Detecting CXX compiler ABI info - done
[0.980s] -- Check for working CXX compiler: /usr/bin/c++ - skipped
[0.980s] -- Detecting CXX compile features
[0.980s] -- Detecting CXX compile features - done
[0.980s] -- Found ament_cmake: 1.3.10 (/opt/ros/humble/share/ament_cmake/cmake)
[0.980s] -- Found Python3: /usr/bin/python3 (found version "3.10.12") found components: Interpreter 
[0.980s] -- Found rosidl_default_generators: 1.2.0 (/opt/ros/humble/share/rosidl_default_generators/cmake)
[0.980s] -- Using all available rosidl_typesupport_c: rosidl_typesupport_fastrtps_c;rosidl_typesupport_introspection_c
[0.980s] -- Found rosidl_adapter: 3.1.5 (/opt/ros/humble/share/rosidl_adapter/cmake)
[0.980s] -- Using all available rosidl_typesupport_cpp: rosidl_typesupport_fastrtps_cpp;rosidl_typesupport_introspection_cpp
[0.981s] -- Found ament_cmake_ros: 0.10.0 (/opt/ros/humble/share/ament_cmake_ros/cmake)
[0.981s] -- Using all available rosidl_typesupport_c: rosidl_typesupport_fastrtps_c;rosidl_typesupport_introspection_c
[1.043s] -- Using all available rosidl_typesupport_cpp: rosidl_typesupport_fastrtps_cpp;rosidl_typesupport_introspection_cpp
[1.060s] -- Found PythonInterp: /usr/bin/python3 (found suitable version "3.10.12", minimum required is "3.6") 
[1.061s] -- Found python_cmake_module: 0.10.0 (/opt/ros/humble/share/python_cmake_module/cmake)
[1.080s] -- Found PythonLibs: /usr/lib/x86_64-linux-gnu/libpython3.10.so (found suitable version "3.10.12", minimum required is "3.5") 
[1.080s] -- Using PYTHON_EXECUTABLE: /usr/bin/python3
[1.080s] -- Using PYTHON_INCLUDE_DIRS: /usr/include/python3.10
[1.080s] -- Using PYTHON_LIBRARIES: /usr/lib/x86_64-linux-gnu/libpython3.10.so
[1.094s] -- Found PythonExtra: .so  
[1.131s] -- Found ament_lint_auto: 0.12.11 (/opt/ros/humble/share/ament_lint_auto/cmake)
[1.150s] -- Added test 'copyright' to check source files copyright and LICENSE
[1.161s] -- Added test 'lint_cmake' to check CMake code style
[1.162s] -- Added test 'xmllint' to check XML markup files
[1.163s] -- Configuring done
[1.214s] -- Generating done
[1.216s] -- Build files have been written to: /home/moon/project/ros2_21/build/learning_interface
[1.225s] Invoked command in '/home/moon/project/ros2_21/build/learning_interface' returned '0': CMAKE_PREFIX_PATH=${CMAKE_PREFIX_PATH}:/home/moon/project/Pixhawkdrone/install/drone:/opt/ros/humble /usr/bin/cmake /home/moon/project/ros2_21/learning_interface -DCMAKE_INSTALL_PREFIX=/home/moon/project/ros2_21/install/learning_interface
[1.226s] Invoking command in '/home/moon/project/ros2_21/build/learning_interface': CMAKE_PREFIX_PATH=${CMAKE_PREFIX_PATH}:/home/moon/project/Pixhawkdrone/install/drone:/opt/ros/humble /usr/bin/cmake --build /home/moon/project/ros2_21/build/learning_interface -- -j16 -l16
[1.270s] [  1%] [34m[1mGenerating C code for ROS interfaces[0m
[1.288s] [  3%] [34m[1mGenerating C++ code for ROS interfaces[0m
[1.289s] [  3%] Built target ament_cmake_python_copy_learning_interface
[1.479s] running egg_info
[1.479s] creating learning_interface.egg-info
[1.498s] writing learning_interface.egg-info/PKG-INFO
[1.498s] writing dependency_links to learning_interface.egg-info/dependency_links.txt
[1.498s] writing top-level names to learning_interface.egg-info/top_level.txt
[1.498s] writing manifest file 'learning_interface.egg-info/SOURCES.txt'
[1.540s] reading manifest file 'learning_interface.egg-info/SOURCES.txt'
[1.540s] writing manifest file 'learning_interface.egg-info/SOURCES.txt'
[1.573s] [  3%] Built target ament_cmake_python_build_learning_interface_egg
[1.853s] [  5%] [32mBuilding C object CMakeFiles/learning_interface__rosidl_generator_c.dir/rosidl_generator_c/learning_interface/srv/detail/add_two_ints__functions.c.o[0m
[1.854s] [  7%] [32mBuilding C object CMakeFiles/learning_interface__rosidl_generator_c.dir/rosidl_generator_c/learning_interface/msg/detail/object_position__functions.c.o[0m
[1.854s] [  9%] [32mBuilding C object CMakeFiles/learning_interface__rosidl_generator_c.dir/rosidl_generator_c/learning_interface/srv/detail/get_object_position__functions.c.o[0m
[1.857s] [ 10%] [32mBuilding C object CMakeFiles/learning_interface__rosidl_generator_c.dir/rosidl_generator_c/learning_interface/action/detail/move_circle__functions.c.o[0m
[1.921s] [ 10%] Built target learning_interface__cpp
[1.932s] [ 12%] [34m[1mGenerating C++ introspection for ROS interfaces[0m
[1.936s] [ 14%] [34m[1mGenerating C++ type support for eProsima Fast-RTPS[0m
[1.936s] [ 16%] [34m[1mGenerating C++ type support dispatch for ROS interfaces[0m
[2.000s] [ 18%] [32m[1mLinking C shared library liblearning_interface__rosidl_generator_c.so[0m
[2.045s] [ 18%] Built target learning_interface__rosidl_generator_c
[2.065s] [ 20%] [34m[1mGenerating C type support dispatch for ROS interfaces[0m
[2.069s] [ 21%] [34m[1mGenerating C introspection for ROS interfaces[0m
[2.070s] [ 23%] [34m[1mGenerating C type support for eProsima Fast-RTPS[0m
[2.392s] [ 29%] [32mBuilding CXX object CMakeFiles/learning_interface__rosidl_typesupport_cpp.dir/rosidl_typesupport_cpp/learning_interface/srv/get_object_position__type_support.cpp.o[0m
[2.392s] [ 29%] [32mBuilding CXX object CMakeFiles/learning_interface__rosidl_typesupport_cpp.dir/rosidl_typesupport_cpp/learning_interface/srv/add_two_ints__type_support.cpp.o[0m
[2.392s] [ 29%] [32mBuilding CXX object CMakeFiles/learning_interface__rosidl_typesupport_cpp.dir/rosidl_typesupport_cpp/learning_interface/msg/object_position__type_support.cpp.o[0m
[2.392s] [ 30%] [32mBuilding CXX object CMakeFiles/learning_interface__rosidl_typesupport_cpp.dir/rosidl_typesupport_cpp/learning_interface/action/move_circle__type_support.cpp.o[0m
[2.445s] [ 38%] [32mBuilding CXX object CMakeFiles/learning_interface__rosidl_typesupport_introspection_cpp.dir/rosidl_typesupport_introspection_cpp/learning_interface/srv/detail/get_object_position__type_support.cpp.o[0m
[2.445s] [ 38%] [32mBuilding CXX object CMakeFiles/learning_interface__rosidl_typesupport_introspection_cpp.dir/rosidl_typesupport_introspection_cpp/learning_interface/msg/detail/object_position__type_support.cpp.o[0m
[2.445s] [ 38%] [32mBuilding CXX object CMakeFiles/learning_interface__rosidl_typesupport_introspection_cpp.dir/rosidl_typesupport_introspection_cpp/learning_interface/srv/detail/add_two_ints__type_support.cpp.o[0m
[2.445s] [ 38%] [32mBuilding CXX object CMakeFiles/learning_interface__rosidl_typesupport_introspection_cpp.dir/rosidl_typesupport_introspection_cpp/learning_interface/action/detail/move_circle__type_support.cpp.o[0m
[2.530s] [ 40%] [32mBuilding CXX object CMakeFiles/learning_interface__rosidl_typesupport_fastrtps_cpp.dir/rosidl_typesupport_fastrtps_cpp/learning_interface/msg/detail/dds_fastrtps/object_position__type_support.cpp.o[0m
[2.543s] [ 43%] [32mBuilding CXX object CMakeFiles/learning_interface__rosidl_typesupport_fastrtps_cpp.dir/rosidl_typesupport_fastrtps_cpp/learning_interface/action/detail/dds_fastrtps/move_circle__type_support.cpp.o[0m
[2.543s] [ 45%] [32mBuilding CXX object CMakeFiles/learning_interface__rosidl_typesupport_fastrtps_cpp.dir/rosidl_typesupport_fastrtps_cpp/learning_interface/srv/detail/dds_fastrtps/get_object_position__type_support.cpp.o[0m
[2.547s] [ 41%] [32mBuilding CXX object CMakeFiles/learning_interface__rosidl_typesupport_fastrtps_cpp.dir/rosidl_typesupport_fastrtps_cpp/learning_interface/srv/detail/dds_fastrtps/add_two_ints__type_support.cpp.o[0m
[2.624s] [ 47%] [32mBuilding CXX object CMakeFiles/learning_interface__rosidl_typesupport_c.dir/rosidl_typesupport_c/learning_interface/srv/add_two_ints__type_support.cpp.o[0m
[2.629s] [ 49%] [32mBuilding CXX object CMakeFiles/learning_interface__rosidl_typesupport_c.dir/rosidl_typesupport_c/learning_interface/msg/object_position__type_support.cpp.o[0m
[2.639s] [ 50%] [32mBuilding CXX object CMakeFiles/learning_interface__rosidl_typesupport_c.dir/rosidl_typesupport_c/learning_interface/srv/get_object_position__type_support.cpp.o[0m
[2.655s] [ 52%] [32mBuilding CXX object CMakeFiles/learning_interface__rosidl_typesupport_c.dir/rosidl_typesupport_c/learning_interface/action/move_circle__type_support.cpp.o[0m
[2.706s] [ 54%] [32mBuilding CXX object CMakeFiles/learning_interface__rosidl_typesupport_fastrtps_c.dir/rosidl_typesupport_fastrtps_c/learning_interface/srv/detail/add_two_ints__type_support_c.cpp.o[0m
[2.711s] [ 58%] [32mBuilding CXX object CMakeFiles/learning_interface__rosidl_typesupport_fastrtps_c.dir/rosidl_typesupport_fastrtps_c/learning_interface/srv/detail/get_object_position__type_support_c.cpp.o[0m
[2.711s] [ 58%] [32mBuilding CXX object CMakeFiles/learning_interface__rosidl_typesupport_fastrtps_c.dir/rosidl_typesupport_fastrtps_c/learning_interface/msg/detail/object_position__type_support_c.cpp.o[0m
[2.711s] [ 60%] [32mBuilding CXX object CMakeFiles/learning_interface__rosidl_typesupport_fastrtps_c.dir/rosidl_typesupport_fastrtps_c/learning_interface/action/detail/move_circle__type_support_c.cpp.o[0m
[2.717s] [ 61%] [32mBuilding C object CMakeFiles/learning_interface__rosidl_typesupport_introspection_c.dir/rosidl_typesupport_introspection_c/learning_interface/msg/detail/object_position__type_support.c.o[0m
[2.727s] [ 63%] [32mBuilding C object CMakeFiles/learning_interface__rosidl_typesupport_introspection_c.dir/rosidl_typesupport_introspection_c/learning_interface/srv/detail/add_two_ints__type_support.c.o[0m
[2.746s] [ 65%] [32m[1mLinking CXX shared library liblearning_interface__rosidl_typesupport_c.so[0m
[2.794s] [ 67%] [32mBuilding C object CMakeFiles/learning_interface__rosidl_typesupport_introspection_c.dir/rosidl_typesupport_introspection_c/learning_interface/srv/detail/get_object_position__type_support.c.o[0m
[2.800s] [ 69%] [32mBuilding C object CMakeFiles/learning_interface__rosidl_typesupport_introspection_c.dir/rosidl_typesupport_introspection_c/learning_interface/action/detail/move_circle__type_support.c.o[0m
[2.850s] [ 69%] Built target learning_interface__rosidl_typesupport_c
[2.862s] [ 70%] [32m[1mLinking CXX shared library liblearning_interface__rosidl_typesupport_cpp.so[0m
[2.894s] [ 72%] [32m[1mLinking C shared library liblearning_interface__rosidl_typesupport_introspection_c.so[0m
[2.926s] [ 72%] Built target learning_interface__rosidl_typesupport_cpp
[2.943s] [ 72%] Built target learning_interface__rosidl_typesupport_introspection_c
[2.978s] [ 74%] [32m[1mLinking CXX shared library liblearning_interface__rosidl_typesupport_introspection_cpp.so[0m
[3.037s] [ 74%] Built target learning_interface__rosidl_typesupport_introspection_cpp
[3.053s] [ 76%] [32m[1mLinking CXX shared library liblearning_interface__rosidl_typesupport_fastrtps_cpp.so[0m
[3.061s] [ 78%] [32m[1mLinking CXX shared library liblearning_interface__rosidl_typesupport_fastrtps_c.so[0m
[3.112s] [ 78%] Built target learning_interface__rosidl_typesupport_fastrtps_cpp
[3.120s] [ 78%] Built target learning_interface__rosidl_typesupport_fastrtps_c
[3.138s] [ 78%] Built target learning_interface
[3.157s] [ 80%] [34m[1mGenerating Python code for ROS interfaces[0m
[3.831s] [ 80%] Built target learning_interface__py
[3.849s] [ 85%] [32mBuilding C object CMakeFiles/learning_interface__rosidl_generator_py.dir/rosidl_generator_py/learning_interface/action/_move_circle_s.c.o[0m
[3.849s] [ 85%] [32mBuilding C object CMakeFiles/learning_interface__rosidl_generator_py.dir/rosidl_generator_py/learning_interface/srv/_add_two_ints_s.c.o[0m
[3.849s] [ 85%] [32mBuilding C object CMakeFiles/learning_interface__rosidl_generator_py.dir/rosidl_generator_py/learning_interface/msg/_object_position_s.c.o[0m
[3.849s] [ 87%] [32mBuilding C object CMakeFiles/learning_interface__rosidl_generator_py.dir/rosidl_generator_py/learning_interface/srv/_get_object_position_s.c.o[0m
[3.932s] [ 89%] [32m[1mLinking C shared library rosidl_generator_py/learning_interface/liblearning_interface__rosidl_generator_py.so[0m
[3.966s] [ 89%] Built target learning_interface__rosidl_generator_py
[3.982s] [ 94%] [32mBuilding C object CMakeFiles/learning_interface__rosidl_typesupport_fastrtps_c__pyext.dir/rosidl_generator_py/learning_interface/_learning_interface_s.ep.rosidl_typesupport_fastrtps_c.c.o[0m
[3.982s] [ 94%] [32mBuilding C object CMakeFiles/learning_interface__rosidl_typesupport_introspection_c__pyext.dir/rosidl_generator_py/learning_interface/_learning_interface_s.ep.rosidl_typesupport_introspection_c.c.o[0m
[3.982s] [ 94%] [32mBuilding C object CMakeFiles/learning_interface__rosidl_typesupport_c__pyext.dir/rosidl_generator_py/learning_interface/_learning_interface_s.ep.rosidl_typesupport_c.c.o[0m
[4.066s] [100%] [32m[1mLinking C shared library rosidl_generator_py/learning_interface/learning_interface_s__rosidl_typesupport_introspection_c.cpython-310-x86_64-linux-gnu.so[0m
[4.066s] [100%] [32m[1mLinking C shared library rosidl_generator_py/learning_interface/learning_interface_s__rosidl_typesupport_c.cpython-310-x86_64-linux-gnu.so[0m
[4.066s] [100%] [32m[1mLinking C shared library rosidl_generator_py/learning_interface/learning_interface_s__rosidl_typesupport_fastrtps_c.cpython-310-x86_64-linux-gnu.so[0m
[4.094s] [100%] Built target learning_interface__rosidl_typesupport_fastrtps_c__pyext
[4.094s] [100%] Built target learning_interface__rosidl_typesupport_introspection_c__pyext
[4.094s] [100%] Built target learning_interface__rosidl_typesupport_c__pyext
[4.104s] Invoked command in '/home/moon/project/ros2_21/build/learning_interface' returned '0': CMAKE_PREFIX_PATH=${CMAKE_PREFIX_PATH}:/home/moon/project/Pixhawkdrone/install/drone:/opt/ros/humble /usr/bin/cmake --build /home/moon/project/ros2_21/build/learning_interface -- -j16 -l16
[4.214s] Invoking command in '/home/moon/project/ros2_21/build/learning_interface': CMAKE_PREFIX_PATH=${CMAKE_PREFIX_PATH}:/home/moon/project/Pixhawkdrone/install/drone:/opt/ros/humble /usr/bin/cmake --install /home/moon/project/ros2_21/build/learning_interface
[4.220s] -- Install configuration: ""
[4.220s] -- Installing: /home/moon/project/ros2_21/install/learning_interface/share/ament_index/resource_index/rosidl_interfaces/learning_interface
[4.220s] -- Installing: /home/moon/project/ros2_21/install/learning_interface/include/learning_interface/learning_interface
[4.220s] -- Installing: /home/moon/project/ros2_21/install/learning_interface/include/learning_interface/learning_interface/msg
[4.220s] -- Installing: /home/moon/project/ros2_21/install/learning_interface/include/learning_interface/learning_interface/msg/detail
[4.220s] -- Installing: /home/moon/project/ros2_21/install/learning_interface/include/learning_interface/learning_interface/msg/detail/object_position__functions.c
[4.220s] -- Installing: /home/moon/project/ros2_21/install/learning_interface/include/learning_interface/learning_interface/msg/detail/object_position__functions.h
[4.220s] -- Installing: /home/moon/project/ros2_21/install/learning_interface/include/learning_interface/learning_interface/msg/detail/object_position__struct.h
[4.220s] -- Installing: /home/moon/project/ros2_21/install/learning_interface/include/learning_interface/learning_interface/msg/detail/object_position__type_support.h
[4.220s] -- Installing: /home/moon/project/ros2_21/install/learning_interface/include/learning_interface/learning_interface/msg/object_position.h
[4.220s] -- Installing: /home/moon/project/ros2_21/install/learning_interface/include/learning_interface/learning_interface/msg/rosidl_generator_c__visibility_control.h
[4.220s] -- Installing: /home/moon/project/ros2_21/install/learning_interface/include/learning_interface/learning_interface/action
[4.221s] -- Installing: /home/moon/project/ros2_21/install/learning_interface/include/learning_interface/learning_interface/action/detail
[4.221s] -- Installing: /home/moon/project/ros2_21/install/learning_interface/include/learning_interface/learning_interface/action/detail/move_circle__functions.c
[4.221s] -- Installing: /home/moon/project/ros2_21/install/learning_interface/include/learning_interface/learning_interface/action/detail/move_circle__type_support.h
[4.221s] -- Installing: /home/moon/project/ros2_21/install/learning_interface/include/learning_interface/learning_interface/action/detail/move_circle__struct.h
[4.221s] -- Installing: /home/moon/project/ros2_21/install/learning_interface/include/learning_interface/learning_interface/action/detail/move_circle__functions.h
[4.221s] -- Installing: /home/moon/project/ros2_21/install/learning_interface/include/learning_interface/learning_interface/action/move_circle.h
[4.221s] -- Installing: /home/moon/project/ros2_21/install/learning_interface/include/learning_interface/learning_interface/srv
[4.221s] -- Installing: /home/moon/project/ros2_21/install/learning_interface/include/learning_interface/learning_interface/srv/get_object_position.h
[4.221s] -- Installing: /home/moon/project/ros2_21/install/learning_interface/include/learning_interface/learning_interface/srv/detail
[4.221s] -- Installing: /home/moon/project/ros2_21/install/learning_interface/include/learning_interface/learning_interface/srv/detail/get_object_position__functions.c
[4.221s] -- Installing: /home/moon/project/ros2_21/install/learning_interface/include/learning_interface/learning_interface/srv/detail/add_two_ints__type_support.h
[4.222s] -- Installing: /home/moon/project/ros2_21/install/learning_interface/include/learning_interface/learning_interface/srv/detail/get_object_position__type_support.h
[4.222s] -- Installing: /home/moon/project/ros2_21/install/learning_interface/include/learning_interface/learning_interface/srv/detail/add_two_ints__functions.h
[4.222s] -- Installing: /home/moon/project/ros2_21/install/learning_interface/include/learning_interface/learning_interface/srv/detail/add_two_ints__struct.h
[4.222s] -- Installing: /home/moon/project/ros2_21/install/learning_interface/include/learning_interface/learning_interface/srv/detail/add_two_ints__functions.c
[4.222s] -- Installing: /home/moon/project/ros2_21/install/learning_interface/include/learning_interface/learning_interface/srv/detail/get_object_position__struct.h
[4.222s] -- Installing: /home/moon/project/ros2_21/install/learning_interface/include/learning_interface/learning_interface/srv/detail/get_object_position__functions.h
[4.222s] -- Installing: /home/moon/project/ros2_21/install/learning_interface/include/learning_interface/learning_interface/srv/add_two_ints.h
[4.222s] -- Installing: /home/moon/project/ros2_21/install/learning_interface/share/learning_interface/environment/library_path.sh
[4.222s] -- Installing: /home/moon/project/ros2_21/install/learning_interface/share/learning_interface/environment/library_path.dsv
[4.222s] -- Installing: /home/moon/project/ros2_21/install/learning_interface/lib/liblearning_interface__rosidl_generator_c.so
[4.223s] -- Set runtime path of "/home/moon/project/ros2_21/install/learning_interface/lib/liblearning_interface__rosidl_generator_c.so" to ""
[4.223s] -- Up-to-date: /home/moon/project/ros2_21/install/learning_interface/include/learning_interface/learning_interface
[4.223s] -- Up-to-date: /home/moon/project/ros2_21/install/learning_interface/include/learning_interface/learning_interface/msg
[4.223s] -- Installing: /home/moon/project/ros2_21/install/learning_interface/include/learning_interface/learning_interface/msg/rosidl_typesupport_fastrtps_c__visibility_control.h
[4.223s] -- Up-to-date: /home/moon/project/ros2_21/install/learning_interface/include/learning_interface/learning_interface/msg/detail
[4.223s] -- Installing: /home/moon/project/ros2_21/install/learning_interface/include/learning_interface/learning_interface/msg/detail/object_position__rosidl_typesupport_fastrtps_c.h
[4.223s] -- Up-to-date: /home/moon/project/ros2_21/install/learning_interface/include/learning_interface/learning_interface/action
[4.223s] -- Up-to-date: /home/moon/project/ros2_21/install/learning_interface/include/learning_interface/learning_interface/action/detail
[4.223s] -- Installing: /home/moon/project/ros2_21/install/learning_interface/include/learning_interface/learning_interface/action/detail/move_circle__rosidl_typesupport_fastrtps_c.h
[4.223s] -- Up-to-date: /home/moon/project/ros2_21/install/learning_interface/include/learning_interface/learning_interface/srv
[4.223s] -- Up-to-date: /home/moon/project/ros2_21/install/learning_interface/include/learning_interface/learning_interface/srv/detail
[4.223s] -- Installing: /home/moon/project/ros2_21/install/learning_interface/include/learning_interface/learning_interface/srv/detail/add_two_ints__rosidl_typesupport_fastrtps_c.h
[4.223s] -- Installing: /home/moon/project/ros2_21/install/learning_interface/include/learning_interface/learning_interface/srv/detail/get_object_position__rosidl_typesupport_fastrtps_c.h
[4.223s] -- Installing: /home/moon/project/ros2_21/install/learning_interface/lib/liblearning_interface__rosidl_typesupport_fastrtps_c.so
[4.223s] -- Set runtime path of "/home/moon/project/ros2_21/install/learning_interface/lib/liblearning_interface__rosidl_typesupport_fastrtps_c.so" to ""
[4.224s] -- Up-to-date: /home/moon/project/ros2_21/install/learning_interface/include/learning_interface/learning_interface
[4.224s] -- Up-to-date: /home/moon/project/ros2_21/install/learning_interface/include/learning_interface/learning_interface/msg
[4.224s] -- Installing: /home/moon/project/ros2_21/install/learning_interface/include/learning_interface/learning_interface/msg/rosidl_typesupport_introspection_c__visibility_control.h
[4.224s] -- Up-to-date: /home/moon/project/ros2_21/install/learning_interface/include/learning_interface/learning_interface/msg/detail
[4.224s] -- Installing: /home/moon/project/ros2_21/install/learning_interface/include/learning_interface/learning_interface/msg/detail/object_position__rosidl_typesupport_introspection_c.h
[4.224s] -- Installing: /home/moon/project/ros2_21/install/learning_interface/include/learning_interface/learning_interface/msg/detail/object_position__type_support.c
[4.224s] -- Up-to-date: /home/moon/project/ros2_21/install/learning_interface/include/learning_interface/learning_interface/action
[4.224s] -- Up-to-date: /home/moon/project/ros2_21/install/learning_interface/include/learning_interface/learning_interface/action/detail
[4.224s] -- Installing: /home/moon/project/ros2_21/install/learning_interface/include/learning_interface/learning_interface/action/detail/move_circle__type_support.c
[4.224s] -- Installing: /home/moon/project/ros2_21/install/learning_interface/include/learning_interface/learning_interface/action/detail/move_circle__rosidl_typesupport_introspection_c.h
[4.224s] -- Up-to-date: /home/moon/project/ros2_21/install/learning_interface/include/learning_interface/learning_interface/srv
[4.224s] -- Up-to-date: /home/moon/project/ros2_21/install/learning_interface/include/learning_interface/learning_interface/srv/detail
[4.224s] -- Installing: /home/moon/project/ros2_21/install/learning_interface/include/learning_interface/learning_interface/srv/detail/add_two_ints__rosidl_typesupport_introspection_c.h
[4.224s] -- Installing: /home/moon/project/ros2_21/install/learning_interface/include/learning_interface/learning_interface/srv/detail/get_object_position__rosidl_typesupport_introspection_c.h
[4.224s] -- Installing: /home/moon/project/ros2_21/install/learning_interface/include/learning_interface/learning_interface/srv/detail/add_two_ints__type_support.c
[4.224s] -- Installing: /home/moon/project/ros2_21/install/learning_interface/include/learning_interface/learning_interface/srv/detail/get_object_position__type_support.c
[4.225s] -- Installing: /home/moon/project/ros2_21/install/learning_interface/lib/liblearning_interface__rosidl_typesupport_introspection_c.so
[4.225s] -- Set runtime path of "/home/moon/project/ros2_21/install/learning_interface/lib/liblearning_interface__rosidl_typesupport_introspection_c.so" to ""
[4.225s] -- Installing: /home/moon/project/ros2_21/install/learning_interface/lib/liblearning_interface__rosidl_typesupport_c.so
[4.225s] -- Set runtime path of "/home/moon/project/ros2_21/install/learning_interface/lib/liblearning_interface__rosidl_typesupport_c.so" to ""
[4.225s] -- Up-to-date: /home/moon/project/ros2_21/install/learning_interface/include/learning_interface/learning_interface
[4.225s] -- Up-to-date: /home/moon/project/ros2_21/install/learning_interface/include/learning_interface/learning_interface/msg
[4.225s] -- Installing: /home/moon/project/ros2_21/install/learning_interface/include/learning_interface/learning_interface/msg/object_position.hpp
[4.225s] -- Up-to-date: /home/moon/project/ros2_21/install/learning_interface/include/learning_interface/learning_interface/msg/detail
[4.225s] -- Installing: /home/moon/project/ros2_21/install/learning_interface/include/learning_interface/learning_interface/msg/detail/object_position__struct.hpp
[4.225s] -- Installing: /home/moon/project/ros2_21/install/learning_interface/include/learning_interface/learning_interface/msg/detail/object_position__builder.hpp
[4.226s] -- Installing: /home/moon/project/ros2_21/install/learning_interface/include/learning_interface/learning_interface/msg/detail/object_position__traits.hpp
[4.226s] -- Up-to-date: /home/moon/project/ros2_21/install/learning_interface/include/learning_interface/learning_interface/action
[4.226s] -- Installing: /home/moon/project/ros2_21/install/learning_interface/include/learning_interface/learning_interface/action/move_circle.hpp
[4.226s] -- Up-to-date: /home/moon/project/ros2_21/install/learning_interface/include/learning_interface/learning_interface/action/detail
[4.226s] -- Installing: /home/moon/project/ros2_21/install/learning_interface/include/learning_interface/learning_interface/action/detail/move_circle__struct.hpp
[4.226s] -- Installing: /home/moon/project/ros2_21/install/learning_interface/include/learning_interface/learning_interface/action/detail/move_circle__builder.hpp
[4.226s] -- Installing: /home/moon/project/ros2_21/install/learning_interface/include/learning_interface/learning_interface/action/detail/move_circle__traits.hpp
[4.226s] -- Up-to-date: /home/moon/project/ros2_21/install/learning_interface/include/learning_interface/learning_interface/srv
[4.226s] -- Installing: /home/moon/project/ros2_21/install/learning_interface/include/learning_interface/learning_interface/srv/add_two_ints.hpp
[4.226s] -- Up-to-date: /home/moon/project/ros2_21/install/learning_interface/include/learning_interface/learning_interface/srv/detail
[4.226s] -- Installing: /home/moon/project/ros2_21/install/learning_interface/include/learning_interface/learning_interface/srv/detail/add_two_ints__struct.hpp
[4.226s] -- Installing: /home/moon/project/ros2_21/install/learning_interface/include/learning_interface/learning_interface/srv/detail/get_object_position__traits.hpp
[4.226s] -- Installing: /home/moon/project/ros2_21/install/learning_interface/include/learning_interface/learning_interface/srv/detail/add_two_ints__traits.hpp
[4.226s] -- Installing: /home/moon/project/ros2_21/install/learning_interface/include/learning_interface/learning_interface/srv/detail/get_object_position__struct.hpp
[4.227s] -- Installing: /home/moon/project/ros2_21/install/learning_interface/include/learning_interface/learning_interface/srv/detail/add_two_ints__builder.hpp
[4.227s] -- Installing: /home/moon/project/ros2_21/install/learning_interface/include/learning_interface/learning_interface/srv/detail/get_object_position__builder.hpp
[4.227s] -- Installing: /home/moon/project/ros2_21/install/learning_interface/include/learning_interface/learning_interface/srv/get_object_position.hpp
[4.227s] -- Up-to-date: /home/moon/project/ros2_21/install/learning_interface/include/learning_interface/learning_interface
[4.227s] -- Up-to-date: /home/moon/project/ros2_21/install/learning_interface/include/learning_interface/learning_interface/msg
[4.227s] -- Installing: /home/moon/project/ros2_21/install/learning_interface/include/learning_interface/learning_interface/msg/rosidl_typesupport_fastrtps_cpp__visibility_control.h
[4.227s] -- Up-to-date: /home/moon/project/ros2_21/install/learning_interface/include/learning_interface/learning_interface/msg/detail
[4.227s] -- Installing: /home/moon/project/ros2_21/install/learning_interface/include/learning_interface/learning_interface/msg/detail/object_position__rosidl_typesupport_fastrtps_cpp.hpp
[4.227s] -- Installing: /home/moon/project/ros2_21/install/learning_interface/include/learning_interface/learning_interface/msg/detail/dds_fastrtps
[4.227s] -- Up-to-date: /home/moon/project/ros2_21/install/learning_interface/include/learning_interface/learning_interface/action
[4.227s] -- Up-to-date: /home/moon/project/ros2_21/install/learning_interface/include/learning_interface/learning_interface/action/detail
[4.227s] -- Installing: /home/moon/project/ros2_21/install/learning_interface/include/learning_interface/learning_interface/action/detail/move_circle__rosidl_typesupport_fastrtps_cpp.hpp
[4.227s] -- Installing: /home/moon/project/ros2_21/install/learning_interface/include/learning_interface/learning_interface/action/detail/dds_fastrtps
[4.227s] -- Up-to-date: /home/moon/project/ros2_21/install/learning_interface/include/learning_interface/learning_interface/srv
[4.227s] -- Up-to-date: /home/moon/project/ros2_21/install/learning_interface/include/learning_interface/learning_interface/srv/detail
[4.227s] -- Installing: /home/moon/project/ros2_21/install/learning_interface/include/learning_interface/learning_interface/srv/detail/get_object_position__rosidl_typesupport_fastrtps_cpp.hpp
[4.227s] -- Installing: /home/moon/project/ros2_21/install/learning_interface/include/learning_interface/learning_interface/srv/detail/add_two_ints__rosidl_typesupport_fastrtps_cpp.hpp
[4.228s] -- Installing: /home/moon/project/ros2_21/install/learning_interface/include/learning_interface/learning_interface/srv/detail/dds_fastrtps
[4.228s] -- Installing: /home/moon/project/ros2_21/install/learning_interface/lib/liblearning_interface__rosidl_typesupport_fastrtps_cpp.so
[4.228s] -- Set runtime path of "/home/moon/project/ros2_21/install/learning_interface/lib/liblearning_interface__rosidl_typesupport_fastrtps_cpp.so" to ""
[4.228s] -- Up-to-date: /home/moon/project/ros2_21/install/learning_interface/include/learning_interface/learning_interface
[4.228s] -- Up-to-date: /home/moon/project/ros2_21/install/learning_interface/include/learning_interface/learning_interface/msg
[4.228s] -- Up-to-date: /home/moon/project/ros2_21/install/learning_interface/include/learning_interface/learning_interface/msg/detail
[4.228s] -- Installing: /home/moon/project/ros2_21/install/learning_interface/include/learning_interface/learning_interface/msg/detail/object_position__type_support.cpp
[4.228s] -- Installing: /home/moon/project/ros2_21/install/learning_interface/include/learning_interface/learning_interface/msg/detail/object_position__rosidl_typesupport_introspection_cpp.hpp
[4.228s] -- Up-to-date: /home/moon/project/ros2_21/install/learning_interface/include/learning_interface/learning_interface/action
[4.228s] -- Up-to-date: /home/moon/project/ros2_21/install/learning_interface/include/learning_interface/learning_interface/action/detail
[4.228s] -- Installing: /home/moon/project/ros2_21/install/learning_interface/include/learning_interface/learning_interface/action/detail/move_circle__type_support.cpp
[4.228s] -- Installing: /home/moon/project/ros2_21/install/learning_interface/include/learning_interface/learning_interface/action/detail/move_circle__rosidl_typesupport_introspection_cpp.hpp
[4.229s] -- Up-to-date: /home/moon/project/ros2_21/install/learning_interface/include/learning_interface/learning_interface/srv
[4.229s] -- Up-to-date: /home/moon/project/ros2_21/install/learning_interface/include/learning_interface/learning_interface/srv/detail
[4.229s] -- Installing: /home/moon/project/ros2_21/install/learning_interface/include/learning_interface/learning_interface/srv/detail/get_object_position__rosidl_typesupport_introspection_cpp.hpp
[4.229s] -- Installing: /home/moon/project/ros2_21/install/learning_interface/include/learning_interface/learning_interface/srv/detail/add_two_ints__type_support.cpp
[4.229s] -- Installing: /home/moon/project/ros2_21/install/learning_interface/include/learning_interface/learning_interface/srv/detail/get_object_position__type_support.cpp
[4.229s] -- Installing: /home/moon/project/ros2_21/install/learning_interface/include/learning_interface/learning_interface/srv/detail/add_two_ints__rosidl_typesupport_introspection_cpp.hpp
[4.229s] -- Installing: /home/moon/project/ros2_21/install/learning_interface/lib/liblearning_interface__rosidl_typesupport_introspection_cpp.so
[4.229s] -- Set runtime path of "/home/moon/project/ros2_21/install/learning_interface/lib/liblearning_interface__rosidl_typesupport_introspection_cpp.so" to ""
[4.229s] -- Installing: /home/moon/project/ros2_21/install/learning_interface/lib/liblearning_interface__rosidl_typesupport_cpp.so
[4.230s] -- Set runtime path of "/home/moon/project/ros2_21/install/learning_interface/lib/liblearning_interface__rosidl_typesupport_cpp.so" to ""
[4.230s] -- Installing: /home/moon/project/ros2_21/install/learning_interface/share/learning_interface/environment/pythonpath.sh
[4.230s] -- Installing: /home/moon/project/ros2_21/install/learning_interface/share/learning_interface/environment/pythonpath.dsv
[4.230s] -- Installing: /home/moon/project/ros2_21/install/learning_interface/local/lib/python3.10/dist-packages/learning_interface-0.0.0-py3.10.egg-info
[4.230s] -- Installing: /home/moon/project/ros2_21/install/learning_interface/local/lib/python3.10/dist-packages/learning_interface-0.0.0-py3.10.egg-info/PKG-INFO
[4.230s] -- Installing: /home/moon/project/ros2_21/install/learning_interface/local/lib/python3.10/dist-packages/learning_interface-0.0.0-py3.10.egg-info/dependency_links.txt
[4.230s] -- Installing: /home/moon/project/ros2_21/install/learning_interface/local/lib/python3.10/dist-packages/learning_interface-0.0.0-py3.10.egg-info/top_level.txt
[4.230s] -- Installing: /home/moon/project/ros2_21/install/learning_interface/local/lib/python3.10/dist-packages/learning_interface-0.0.0-py3.10.egg-info/SOURCES.txt
[4.230s] -- Installing: /home/moon/project/ros2_21/install/learning_interface/local/lib/python3.10/dist-packages/learning_interface
[4.230s] -- Installing: /home/moon/project/ros2_21/install/learning_interface/local/lib/python3.10/dist-packages/learning_interface/_learning_interface_s.ep.rosidl_typesupport_fastrtps_c.c
[4.231s] -- Installing: /home/moon/project/ros2_21/install/learning_interface/local/lib/python3.10/dist-packages/learning_interface/learning_interface_s__rosidl_typesupport_fastrtps_c.cpython-310-x86_64-linux-gnu.so
[4.231s] -- Installing: /home/moon/project/ros2_21/install/learning_interface/local/lib/python3.10/dist-packages/learning_interface/msg
[4.231s] -- Installing: /home/moon/project/ros2_21/install/learning_interface/local/lib/python3.10/dist-packages/learning_interface/msg/_object_position_s.c
[4.231s] -- Installing: /home/moon/project/ros2_21/install/learning_interface/local/lib/python3.10/dist-packages/learning_interface/msg/_object_position.py
[4.231s] -- Installing: /home/moon/project/ros2_21/install/learning_interface/local/lib/python3.10/dist-packages/learning_interface/msg/__init__.py
[4.231s] -- Installing: /home/moon/project/ros2_21/install/learning_interface/local/lib/python3.10/dist-packages/learning_interface/liblearning_interface__rosidl_generator_py.so
[4.231s] -- Installing: /home/moon/project/ros2_21/install/learning_interface/local/lib/python3.10/dist-packages/learning_interface/learning_interface_s__rosidl_typesupport_introspection_c.cpython-310-x86_64-linux-gnu.so
[4.231s] -- Installing: /home/moon/project/ros2_21/install/learning_interface/local/lib/python3.10/dist-packages/learning_interface/learning_interface_s__rosidl_typesupport_c.cpython-310-x86_64-linux-gnu.so
[4.231s] -- Installing: /home/moon/project/ros2_21/install/learning_interface/local/lib/python3.10/dist-packages/learning_interface/action
[4.231s] -- Installing: /home/moon/project/ros2_21/install/learning_interface/local/lib/python3.10/dist-packages/learning_interface/action/_move_circle_s.c
[4.232s] -- Installing: /home/moon/project/ros2_21/install/learning_interface/local/lib/python3.10/dist-packages/learning_interface/action/_move_circle.py
[4.232s] -- Installing: /home/moon/project/ros2_21/install/learning_interface/local/lib/python3.10/dist-packages/learning_interface/action/__init__.py
[4.232s] -- Installing: /home/moon/project/ros2_21/install/learning_interface/local/lib/python3.10/dist-packages/learning_interface/_learning_interface_s.ep.rosidl_typesupport_c.c
[4.232s] -- Installing: /home/moon/project/ros2_21/install/learning_interface/local/lib/python3.10/dist-packages/learning_interface/srv
[4.232s] -- Installing: /home/moon/project/ros2_21/install/learning_interface/local/lib/python3.10/dist-packages/learning_interface/srv/_add_two_ints_s.c
[4.232s] -- Installing: /home/moon/project/ros2_21/install/learning_interface/local/lib/python3.10/dist-packages/learning_interface/srv/_get_object_position.py
[4.232s] -- Installing: /home/moon/project/ros2_21/install/learning_interface/local/lib/python3.10/dist-packages/learning_interface/srv/_add_two_ints.py
[4.232s] -- Installing: /home/moon/project/ros2_21/install/learning_interface/local/lib/python3.10/dist-packages/learning_interface/srv/__init__.py
[4.232s] -- Installing: /home/moon/project/ros2_21/install/learning_interface/local/lib/python3.10/dist-packages/learning_interface/srv/_get_object_position_s.c
[4.232s] -- Installing: /home/moon/project/ros2_21/install/learning_interface/local/lib/python3.10/dist-packages/learning_interface/__init__.py
[4.232s] -- Installing: /home/moon/project/ros2_21/install/learning_interface/local/lib/python3.10/dist-packages/learning_interface/_learning_interface_s.ep.rosidl_typesupport_introspection_c.c
[4.263s] Listing '/home/moon/project/ros2_21/install/learning_interface/local/lib/python3.10/dist-packages/learning_interface'...
[4.263s] Compiling '/home/moon/project/ros2_21/install/learning_interface/local/lib/python3.10/dist-packages/learning_interface/__init__.py'...
[4.263s] Listing '/home/moon/project/ros2_21/install/learning_interface/local/lib/python3.10/dist-packages/learning_interface/action'...
[4.263s] Compiling '/home/moon/project/ros2_21/install/learning_interface/local/lib/python3.10/dist-packages/learning_interface/action/__init__.py'...
[4.263s] Compiling '/home/moon/project/ros2_21/install/learning_interface/local/lib/python3.10/dist-packages/learning_interface/action/_move_circle.py'...
[4.263s] Listing '/home/moon/project/ros2_21/install/learning_interface/local/lib/python3.10/dist-packages/learning_interface/msg'...
[4.263s] Compiling '/home/moon/project/ros2_21/install/learning_interface/local/lib/python3.10/dist-packages/learning_interface/msg/__init__.py'...
[4.263s] Compiling '/home/moon/project/ros2_21/install/learning_interface/local/lib/python3.10/dist-packages/learning_interface/msg/_object_position.py'...
[4.263s] Listing '/home/moon/project/ros2_21/install/learning_interface/local/lib/python3.10/dist-packages/learning_interface/srv'...
[4.263s] Compiling '/home/moon/project/ros2_21/install/learning_interface/local/lib/python3.10/dist-packages/learning_interface/srv/__init__.py'...
[4.263s] Compiling '/home/moon/project/ros2_21/install/learning_interface/local/lib/python3.10/dist-packages/learning_interface/srv/_add_two_ints.py'...
[4.263s] Compiling '/home/moon/project/ros2_21/install/learning_interface/local/lib/python3.10/dist-packages/learning_interface/srv/_get_object_position.py'...
[4.266s] -- Installing: /home/moon/project/ros2_21/install/learning_interface/local/lib/python3.10/dist-packages/learning_interface/learning_interface_s__rosidl_typesupport_fastrtps_c.cpython-310-x86_64-linux-gnu.so
[4.266s] -- Set runtime path of "/home/moon/project/ros2_21/install/learning_interface/local/lib/python3.10/dist-packages/learning_interface/learning_interface_s__rosidl_typesupport_fastrtps_c.cpython-310-x86_64-linux-gnu.so" to ""
[4.266s] -- Installing: /home/moon/project/ros2_21/install/learning_interface/local/lib/python3.10/dist-packages/learning_interface/learning_interface_s__rosidl_typesupport_introspection_c.cpython-310-x86_64-linux-gnu.so
[4.267s] -- Set runtime path of "/home/moon/project/ros2_21/install/learning_interface/local/lib/python3.10/dist-packages/learning_interface/learning_interface_s__rosidl_typesupport_introspection_c.cpython-310-x86_64-linux-gnu.so" to ""
[4.267s] -- Installing: /home/moon/project/ros2_21/install/learning_interface/local/lib/python3.10/dist-packages/learning_interface/learning_interface_s__rosidl_typesupport_c.cpython-310-x86_64-linux-gnu.so
[4.267s] -- Set runtime path of "/home/moon/project/ros2_21/install/learning_interface/local/lib/python3.10/dist-packages/learning_interface/learning_interface_s__rosidl_typesupport_c.cpython-310-x86_64-linux-gnu.so" to ""
[4.267s] -- Installing: /home/moon/project/ros2_21/install/learning_interface/lib/liblearning_interface__rosidl_generator_py.so
[4.267s] -- Set runtime path of "/home/moon/project/ros2_21/install/learning_interface/lib/liblearning_interface__rosidl_generator_py.so" to ""
[4.267s] -- Installing: /home/moon/project/ros2_21/install/learning_interface/share/learning_interface/msg/ObjectPosition.idl
[4.267s] -- Installing: /home/moon/project/ros2_21/install/learning_interface/share/learning_interface/srv/AddTwoInts.idl
[4.268s] -- Installing: /home/moon/project/ros2_21/install/learning_interface/share/learning_interface/srv/GetObjectPosition.idl
[4.268s] -- Installing: /home/moon/project/ros2_21/install/learning_interface/share/learning_interface/action/MoveCircle.idl
[4.268s] -- Installing: /home/moon/project/ros2_21/install/learning_interface/share/learning_interface/msg/ObjectPosition.msg
[4.268s] -- Installing: /home/moon/project/ros2_21/install/learning_interface/share/learning_interface/srv/AddTwoInts.srv
[4.268s] -- Installing: /home/moon/project/ros2_21/install/learning_interface/share/learning_interface/srv/AddTwoInts_Request.msg
[4.268s] -- Installing: /home/moon/project/ros2_21/install/learning_interface/share/learning_interface/srv/AddTwoInts_Response.msg
[4.268s] -- Installing: /home/moon/project/ros2_21/install/learning_interface/share/learning_interface/srv/GetObjectPosition.srv
[4.268s] -- Installing: /home/moon/project/ros2_21/install/learning_interface/share/learning_interface/srv/GetObjectPosition_Request.msg
[4.268s] -- Installing: /home/moon/project/ros2_21/install/learning_interface/share/learning_interface/srv/GetObjectPosition_Response.msg
[4.268s] -- Installing: /home/moon/project/ros2_21/install/learning_interface/share/learning_interface/action/MoveCircle.action
[4.269s] -- Installing: /home/moon/project/ros2_21/install/learning_interface/share/ament_index/resource_index/package_run_dependencies/learning_interface
[4.269s] -- Installing: /home/moon/project/ros2_21/install/learning_interface/share/ament_index/resource_index/parent_prefix_path/learning_interface
[4.269s] -- Installing: /home/moon/project/ros2_21/install/learning_interface/share/learning_interface/environment/ament_prefix_path.sh
[4.269s] -- Installing: /home/moon/project/ros2_21/install/learning_interface/share/learning_interface/environment/ament_prefix_path.dsv
[4.269s] -- Installing: /home/moon/project/ros2_21/install/learning_interface/share/learning_interface/environment/path.sh
[4.269s] -- Installing: /home/moon/project/ros2_21/install/learning_interface/share/learning_interface/environment/path.dsv
[4.269s] -- Installing: /home/moon/project/ros2_21/install/learning_interface/share/learning_interface/local_setup.bash
[4.269s] -- Installing: /home/moon/project/ros2_21/install/learning_interface/share/learning_interface/local_setup.sh
[4.269s] -- Installing: /home/moon/project/ros2_21/install/learning_interface/share/learning_interface/local_setup.zsh
[4.269s] -- Installing: /home/moon/project/ros2_21/install/learning_interface/share/learning_interface/local_setup.dsv
[4.269s] -- Installing: /home/moon/project/ros2_21/install/learning_interface/share/learning_interface/package.dsv
[4.270s] -- Installing: /home/moon/project/ros2_21/install/learning_interface/share/ament_index/resource_index/packages/learning_interface
[4.270s] -- Installing: /home/moon/project/ros2_21/install/learning_interface/share/learning_interface/cmake/export_learning_interface__rosidl_generator_cExport.cmake
[4.270s] -- Installing: /home/moon/project/ros2_21/install/learning_interface/share/learning_interface/cmake/export_learning_interface__rosidl_generator_cExport-noconfig.cmake
[4.270s] -- Installing: /home/moon/project/ros2_21/install/learning_interface/share/learning_interface/cmake/export_learning_interface__rosidl_typesupport_fastrtps_cExport.cmake
[4.270s] -- Installing: /home/moon/project/ros2_21/install/learning_interface/share/learning_interface/cmake/export_learning_interface__rosidl_typesupport_fastrtps_cExport-noconfig.cmake
[4.270s] -- Installing: /home/moon/project/ros2_21/install/learning_interface/share/learning_interface/cmake/learning_interface__rosidl_typesupport_introspection_cExport.cmake
[4.270s] -- Installing: /home/moon/project/ros2_21/install/learning_interface/share/learning_interface/cmake/learning_interface__rosidl_typesupport_introspection_cExport-noconfig.cmake
[4.270s] -- Installing: /home/moon/project/ros2_21/install/learning_interface/share/learning_interface/cmake/learning_interface__rosidl_typesupport_cExport.cmake
[4.270s] -- Installing: /home/moon/project/ros2_21/install/learning_interface/share/learning_interface/cmake/learning_interface__rosidl_typesupport_cExport-noconfig.cmake
[4.270s] -- Installing: /home/moon/project/ros2_21/install/learning_interface/share/learning_interface/cmake/export_learning_interface__rosidl_generator_cppExport.cmake
[4.271s] -- Installing: /home/moon/project/ros2_21/install/learning_interface/share/learning_interface/cmake/export_learning_interface__rosidl_typesupport_fastrtps_cppExport.cmake
[4.271s] -- Installing: /home/moon/project/ros2_21/install/learning_interface/share/learning_interface/cmake/export_learning_interface__rosidl_typesupport_fastrtps_cppExport-noconfig.cmake
[4.271s] -- Installing: /home/moon/project/ros2_21/install/learning_interface/share/learning_interface/cmake/learning_interface__rosidl_typesupport_introspection_cppExport.cmake
[4.271s] -- Installing: /home/moon/project/ros2_21/install/learning_interface/share/learning_interface/cmake/learning_interface__rosidl_typesupport_introspection_cppExport-noconfig.cmake
[4.271s] -- Installing: /home/moon/project/ros2_21/install/learning_interface/share/learning_interface/cmake/learning_interface__rosidl_typesupport_cppExport.cmake
[4.271s] -- Installing: /home/moon/project/ros2_21/install/learning_interface/share/learning_interface/cmake/learning_interface__rosidl_typesupport_cppExport-noconfig.cmake
[4.271s] -- Installing: /home/moon/project/ros2_21/install/learning_interface/share/learning_interface/cmake/export_learning_interface__rosidl_generator_pyExport.cmake
[4.271s] -- Installing: /home/moon/project/ros2_21/install/learning_interface/share/learning_interface/cmake/export_learning_interface__rosidl_generator_pyExport-noconfig.cmake
[4.271s] -- Installing: /home/moon/project/ros2_21/install/learning_interface/share/learning_interface/cmake/rosidl_cmake-extras.cmake
[4.271s] -- Installing: /home/moon/project/ros2_21/install/learning_interface/share/learning_interface/cmake/ament_cmake_export_dependencies-extras.cmake
[4.272s] -- Installing: /home/moon/project/ros2_21/install/learning_interface/share/learning_interface/cmake/ament_cmake_export_include_directories-extras.cmake
[4.272s] -- Installing: /home/moon/project/ros2_21/install/learning_interface/share/learning_interface/cmake/ament_cmake_export_libraries-extras.cmake
[4.272s] -- Installing: /home/moon/project/ros2_21/install/learning_interface/share/learning_interface/cmake/ament_cmake_export_targets-extras.cmake
[4.272s] -- Installing: /home/moon/project/ros2_21/install/learning_interface/share/learning_interface/cmake/rosidl_cmake_export_typesupport_targets-extras.cmake
[4.272s] -- Installing: /home/moon/project/ros2_21/install/learning_interface/share/learning_interface/cmake/rosidl_cmake_export_typesupport_libraries-extras.cmake
[4.272s] -- Installing: /home/moon/project/ros2_21/install/learning_interface/share/learning_interface/cmake/learning_interfaceConfig.cmake
[4.272s] -- Installing: /home/moon/project/ros2_21/install/learning_interface/share/learning_interface/cmake/learning_interfaceConfig-version.cmake
[4.272s] -- Installing: /home/moon/project/ros2_21/install/learning_interface/share/learning_interface/package.xml
[4.275s] Invoked command in '/home/moon/project/ros2_21/build/learning_interface' returned '0': CMAKE_PREFIX_PATH=${CMAKE_PREFIX_PATH}:/home/moon/project/Pixhawkdrone/install/drone:/opt/ros/humble /usr/bin/cmake --install /home/moon/project/ros2_21/build/learning_interface
