[1.706s] Invoking command in '/home/moon/project/ros2_21/learning_gazebo': PYTHONPATH=/home/moon/project/ros2_21/build/learning_gazebo/prefix_override:/usr/lib/python3/dist-packages/colcon_core/task/python/colcon_distutils_commands:/home/moon/project/ros2_21/install/learning_gazebo/lib/python3.10/site-packages:${PYTHONPATH} /usr/bin/python3 -W ignore:setup.py install is deprecated setup.py egg_info --egg-base ../build/learning_gazebo build --build-base /home/moon/project/ros2_21/build/learning_gazebo/build install --record /home/moon/project/ros2_21/build/learning_gazebo/install.log --single-version-externally-managed install_data
[1.953s] running egg_info
[1.953s] creating ../build/learning_gazebo/learning_gazebo.egg-info
[1.969s] writing ../build/learning_gazebo/learning_gazebo.egg-info/PKG-INFO
[1.970s] writing dependency_links to ../build/learning_gazebo/learning_gazebo.egg-info/dependency_links.txt
[1.971s] writing requirements to ../build/learning_gazebo/learning_gazebo.egg-info/requires.txt
[1.971s] writing top-level names to ../build/learning_gazebo/learning_gazebo.egg-info/top_level.txt
[1.971s] writing manifest file '../build/learning_gazebo/learning_gazebo.egg-info/SOURCES.txt'
[2.000s] reading manifest file '../build/learning_gazebo/learning_gazebo.egg-info/SOURCES.txt'
[2.001s] writing manifest file '../build/learning_gazebo/learning_gazebo.egg-info/SOURCES.txt'
[2.001s] running build
[2.001s] running build_py
[2.002s] creating /home/moon/project/ros2_21/build/learning_gazebo/build
[2.002s] creating /home/moon/project/ros2_21/build/learning_gazebo/build/lib
[2.002s] creating /home/moon/project/ros2_21/build/learning_gazebo/build/lib/learning_gazebo
[2.002s] copying learning_gazebo/__init__.py -> /home/moon/project/ros2_21/build/learning_gazebo/build/lib/learning_gazebo
[2.002s] running install
[2.007s] running install_lib
[2.020s] creating /home/moon/project/ros2_21/install/learning_gazebo/lib/python3.10/site-packages/learning_gazebo
[2.021s] copying /home/moon/project/ros2_21/build/learning_gazebo/build/lib/learning_gazebo/__init__.py -> /home/moon/project/ros2_21/install/learning_gazebo/lib/python3.10/site-packages/learning_gazebo
[2.021s] byte-compiling /home/moon/project/ros2_21/install/learning_gazebo/lib/python3.10/site-packages/learning_gazebo/__init__.py to __init__.cpython-310.pyc
[2.021s] running install_data
[2.021s] creating /home/moon/project/ros2_21/install/learning_gazebo/share/ament_index
[2.021s] creating /home/moon/project/ros2_21/install/learning_gazebo/share/ament_index/resource_index
[2.021s] creating /home/moon/project/ros2_21/install/learning_gazebo/share/ament_index/resource_index/packages
[2.021s] copying resource/learning_gazebo -> /home/moon/project/ros2_21/install/learning_gazebo/share/ament_index/resource_index/packages
[2.022s] copying package.xml -> /home/moon/project/ros2_21/install/learning_gazebo/share/learning_gazebo
[2.022s] creating /home/moon/project/ros2_21/install/learning_gazebo/share/learning_gazebo/launch
[2.022s] copying launch/load_mbot_laser_into_gazebo.launch.py -> /home/moon/project/ros2_21/install/learning_gazebo/share/learning_gazebo/launch
[2.024s] copying launch/mbot.launch.py -> /home/moon/project/ros2_21/install/learning_gazebo/share/learning_gazebo/launch
[2.024s] copying launch/load_mbot_camera_into_gazebo.launch.py -> /home/moon/project/ros2_21/install/learning_gazebo/share/learning_gazebo/launch
[2.024s] copying launch/mbot_rgbd.launch.py -> /home/moon/project/ros2_21/install/learning_gazebo/share/learning_gazebo/launch
[2.024s] copying launch/load_urdf_into_gazebo.launch.py -> /home/moon/project/ros2_21/install/learning_gazebo/share/learning_gazebo/launch
[2.024s] copying launch/mbot_laser.launch.py -> /home/moon/project/ros2_21/install/learning_gazebo/share/learning_gazebo/launch
[2.024s] copying launch/mbot_camera.launch.py -> /home/moon/project/ros2_21/install/learning_gazebo/share/learning_gazebo/launch
[2.024s] copying launch/load_mbot_rgbd_into_gazebo.launch.py -> /home/moon/project/ros2_21/install/learning_gazebo/share/learning_gazebo/launch
[2.024s] creating /home/moon/project/ros2_21/install/learning_gazebo/share/learning_gazebo/urdf
[2.024s] copying urdf/mbot_with_laser_gazebo.xacro -> /home/moon/project/ros2_21/install/learning_gazebo/share/learning_gazebo/urdf
[2.024s] copying urdf/mbot_with_kinect_gazebo.xacro -> /home/moon/project/ros2_21/install/learning_gazebo/share/learning_gazebo/urdf
[2.024s] copying urdf/mbot_gazebo.xacro -> /home/moon/project/ros2_21/install/learning_gazebo/share/learning_gazebo/urdf
[2.024s] copying urdf/mbot_with_camera_gazebo.xacro -> /home/moon/project/ros2_21/install/learning_gazebo/share/learning_gazebo/urdf
[2.024s] copying urdf/two_wheeled_robot_nav2.urdf -> /home/moon/project/ros2_21/install/learning_gazebo/share/learning_gazebo/urdf
[2.024s] copying urdf/mbot_base_gazebo.xacro -> /home/moon/project/ros2_21/install/learning_gazebo/share/learning_gazebo/urdf
[2.024s] copying urdf/mbot_with_rgbd_gazebo.xacro -> /home/moon/project/ros2_21/install/learning_gazebo/share/learning_gazebo/urdf
[2.025s] creating /home/moon/project/ros2_21/install/learning_gazebo/share/learning_gazebo/meshes
[2.025s] copying meshes/kinect.jpg -> /home/moon/project/ros2_21/install/learning_gazebo/share/learning_gazebo/meshes
[2.025s] copying meshes/kinect.tga -> /home/moon/project/ros2_21/install/learning_gazebo/share/learning_gazebo/meshes
[2.025s] copying meshes/kinect.dae -> /home/moon/project/ros2_21/install/learning_gazebo/share/learning_gazebo/meshes
[2.025s] creating /home/moon/project/ros2_21/install/learning_gazebo/share/learning_gazebo/urdf/sensors
[2.025s] copying urdf/sensors/kinect_gazebo.xacro -> /home/moon/project/ros2_21/install/learning_gazebo/share/learning_gazebo/urdf/sensors
[2.025s] copying urdf/sensors/camera_gazebo.xacro -> /home/moon/project/ros2_21/install/learning_gazebo/share/learning_gazebo/urdf/sensors
[2.025s] copying urdf/sensors/lidar_gazebo.xacro -> /home/moon/project/ros2_21/install/learning_gazebo/share/learning_gazebo/urdf/sensors
[2.025s] copying urdf/sensors/rgbd_gazebo.xacro -> /home/moon/project/ros2_21/install/learning_gazebo/share/learning_gazebo/urdf/sensors
[2.025s] creating /home/moon/project/ros2_21/install/learning_gazebo/share/learning_gazebo/worlds
[2.025s] copying worlds/empty_world.model -> /home/moon/project/ros2_21/install/learning_gazebo/share/learning_gazebo/worlds
[2.025s] copying worlds/neighborhood.world -> /home/moon/project/ros2_21/install/learning_gazebo/share/learning_gazebo/worlds
[2.025s] creating /home/moon/project/ros2_21/install/learning_gazebo/share/learning_gazebo/rviz
[2.025s] copying rviz/urdf_gazebo_config.rviz -> /home/moon/project/ros2_21/install/learning_gazebo/share/learning_gazebo/rviz
[2.025s] running install_egg_info
[2.042s] Copying ../build/learning_gazebo/learning_gazebo.egg-info to /home/moon/project/ros2_21/install/learning_gazebo/lib/python3.10/site-packages/learning_gazebo-0.0.0-py3.10.egg-info
[2.042s] running install_scripts
[2.177s] writing list of installed files to '/home/moon/project/ros2_21/build/learning_gazebo/install.log'
[2.233s] Invoked command in '/home/moon/project/ros2_21/learning_gazebo' returned '0': PYTHONPATH=/home/moon/project/ros2_21/build/learning_gazebo/prefix_override:/usr/lib/python3/dist-packages/colcon_core/task/python/colcon_distutils_commands:/home/moon/project/ros2_21/install/learning_gazebo/lib/python3.10/site-packages:${PYTHONPATH} /usr/bin/python3 -W ignore:setup.py install is deprecated setup.py egg_info --egg-base ../build/learning_gazebo build --build-base /home/moon/project/ros2_21/build/learning_gazebo/build install --record /home/moon/project/ros2_21/build/learning_gazebo/install.log --single-version-externally-managed install_data
