running egg_info
creating ../build/learning_cv/learning_cv.egg-info
writing ../build/learning_cv/learning_cv.egg-info/PKG-INFO
writing dependency_links to ../build/learning_cv/learning_cv.egg-info/dependency_links.txt
writing entry points to ../build/learning_cv/learning_cv.egg-info/entry_points.txt
writing requirements to ../build/learning_cv/learning_cv.egg-info/requires.txt
writing top-level names to ../build/learning_cv/learning_cv.egg-info/top_level.txt
writing manifest file '../build/learning_cv/learning_cv.egg-info/SOURCES.txt'
reading manifest file '../build/learning_cv/learning_cv.egg-info/SOURCES.txt'
writing manifest file '../build/learning_cv/learning_cv.egg-info/SOURCES.txt'
running build
running build_py
creating /home/moon/project/ros2_21/build/learning_cv/build
creating /home/moon/project/ros2_21/build/learning_cv/build/lib
creating /home/moon/project/ros2_21/build/learning_cv/build/lib/learning_cv
copying learning_cv/cv_bridge_test.py -> /home/moon/project/ros2_21/build/learning_cv/build/lib/learning_cv
copying learning_cv/__init__.py -> /home/moon/project/ros2_21/build/learning_cv/build/lib/learning_cv
running install
running install_lib
creating /home/moon/project/ros2_21/install/learning_cv/lib/python3.10/site-packages/learning_cv
copying /home/moon/project/ros2_21/build/learning_cv/build/lib/learning_cv/cv_bridge_test.py -> /home/moon/project/ros2_21/install/learning_cv/lib/python3.10/site-packages/learning_cv
copying /home/moon/project/ros2_21/build/learning_cv/build/lib/learning_cv/__init__.py -> /home/moon/project/ros2_21/install/learning_cv/lib/python3.10/site-packages/learning_cv
byte-compiling /home/moon/project/ros2_21/install/learning_cv/lib/python3.10/site-packages/learning_cv/cv_bridge_test.py to cv_bridge_test.cpython-310.pyc
byte-compiling /home/moon/project/ros2_21/install/learning_cv/lib/python3.10/site-packages/learning_cv/__init__.py to __init__.cpython-310.pyc
running install_data
creating /home/moon/project/ros2_21/install/learning_cv/share/ament_index
creating /home/moon/project/ros2_21/install/learning_cv/share/ament_index/resource_index
creating /home/moon/project/ros2_21/install/learning_cv/share/ament_index/resource_index/packages
copying resource/learning_cv -> /home/moon/project/ros2_21/install/learning_cv/share/ament_index/resource_index/packages
copying package.xml -> /home/moon/project/ros2_21/install/learning_cv/share/learning_cv
running install_egg_info
Copying ../build/learning_cv/learning_cv.egg-info to /home/moon/project/ros2_21/install/learning_cv/lib/python3.10/site-packages/learning_cv-0.0.0-py3.10.egg-info
running install_scripts
Installing cv_bridge_test script to /home/moon/project/ros2_21/install/learning_cv/lib/learning_cv
writing list of installed files to '/home/moon/project/ros2_21/build/learning_cv/install.log'
