[1.741s] Invoking command in '/home/moon/project/ros2_21/learning_cv': PYTHONPATH=/home/moon/project/ros2_21/build/learning_cv/prefix_override:/usr/lib/python3/dist-packages/colcon_core/task/python/colcon_distutils_commands:/home/moon/project/ros2_21/install/learning_cv/lib/python3.10/site-packages:${PYTHONPATH} /usr/bin/python3 -W ignore:setup.py install is deprecated setup.py egg_info --egg-base ../build/learning_cv build --build-base /home/moon/project/ros2_21/build/learning_cv/build install --record /home/moon/project/ros2_21/build/learning_cv/install.log --single-version-externally-managed install_data
[2.244s] running egg_info
[2.244s] creating ../build/learning_cv/learning_cv.egg-info
[2.244s] writing ../build/learning_cv/learning_cv.egg-info/PKG-INFO
[2.244s] writing dependency_links to ../build/learning_cv/learning_cv.egg-info/dependency_links.txt
[2.244s] writing entry points to ../build/learning_cv/learning_cv.egg-info/entry_points.txt
[2.244s] writing requirements to ../build/learning_cv/learning_cv.egg-info/requires.txt
[2.244s] writing top-level names to ../build/learning_cv/learning_cv.egg-info/top_level.txt
[2.244s] writing manifest file '../build/learning_cv/learning_cv.egg-info/SOURCES.txt'
[2.245s] reading manifest file '../build/learning_cv/learning_cv.egg-info/SOURCES.txt'
[2.245s] writing manifest file '../build/learning_cv/learning_cv.egg-info/SOURCES.txt'
[2.245s] running build
[2.245s] running build_py
[2.245s] creating /home/moon/project/ros2_21/build/learning_cv/build
[2.245s] creating /home/moon/project/ros2_21/build/learning_cv/build/lib
[2.245s] creating /home/moon/project/ros2_21/build/learning_cv/build/lib/learning_cv
[2.245s] copying learning_cv/cv_bridge_test.py -> /home/moon/project/ros2_21/build/learning_cv/build/lib/learning_cv
[2.245s] copying learning_cv/__init__.py -> /home/moon/project/ros2_21/build/learning_cv/build/lib/learning_cv
[2.245s] running install
[2.245s] running install_lib
[2.245s] creating /home/moon/project/ros2_21/install/learning_cv/lib/python3.10/site-packages/learning_cv
[2.245s] copying /home/moon/project/ros2_21/build/learning_cv/build/lib/learning_cv/cv_bridge_test.py -> /home/moon/project/ros2_21/install/learning_cv/lib/python3.10/site-packages/learning_cv
[2.245s] copying /home/moon/project/ros2_21/build/learning_cv/build/lib/learning_cv/__init__.py -> /home/moon/project/ros2_21/install/learning_cv/lib/python3.10/site-packages/learning_cv
[2.245s] byte-compiling /home/moon/project/ros2_21/install/learning_cv/lib/python3.10/site-packages/learning_cv/cv_bridge_test.py to cv_bridge_test.cpython-310.pyc
[2.245s] byte-compiling /home/moon/project/ros2_21/install/learning_cv/lib/python3.10/site-packages/learning_cv/__init__.py to __init__.cpython-310.pyc
[2.245s] running install_data
[2.245s] creating /home/moon/project/ros2_21/install/learning_cv/share/ament_index
[2.245s] creating /home/moon/project/ros2_21/install/learning_cv/share/ament_index/resource_index
[2.245s] creating /home/moon/project/ros2_21/install/learning_cv/share/ament_index/resource_index/packages
[2.245s] copying resource/learning_cv -> /home/moon/project/ros2_21/install/learning_cv/share/ament_index/resource_index/packages
[2.245s] copying package.xml -> /home/moon/project/ros2_21/install/learning_cv/share/learning_cv
[2.245s] running install_egg_info
[2.245s] Copying ../build/learning_cv/learning_cv.egg-info to /home/moon/project/ros2_21/install/learning_cv/lib/python3.10/site-packages/learning_cv-0.0.0-py3.10.egg-info
[2.245s] running install_scripts
[2.246s] Installing cv_bridge_test script to /home/moon/project/ros2_21/install/learning_cv/lib/learning_cv
[2.246s] writing list of installed files to '/home/moon/project/ros2_21/build/learning_cv/install.log'
[2.250s] Invoked command in '/home/moon/project/ros2_21/learning_cv' returned '0': PYTHONPATH=/home/moon/project/ros2_21/build/learning_cv/prefix_override:/usr/lib/python3/dist-packages/colcon_core/task/python/colcon_distutils_commands:/home/moon/project/ros2_21/install/learning_cv/lib/python3.10/site-packages:${PYTHONPATH} /usr/bin/python3 -W ignore:setup.py install is deprecated setup.py egg_info --egg-base ../build/learning_cv build --build-base /home/moon/project/ros2_21/build/learning_cv/build install --record /home/moon/project/ros2_21/build/learning_cv/install.log --single-version-externally-managed install_data
