[0.948s] Invoking command in '/home/moon/project/ros2_21/build/learning_topic_cpp': CMAKE_PREFIX_PATH=${CMAKE_PREFIX_PATH}:/home/moon/project/Pixhawkdrone/install/drone:/opt/ros/humble /usr/bin/cmake /home/moon/project/ros2_21/learning_topic_cpp -DCMAKE_INSTALL_PREFIX=/home/moon/project/ros2_21/install/learning_topic_cpp
[0.988s] -- The C compiler identification is GNU 11.4.0
[1.027s] -- The CXX compiler identification is GNU 11.4.0
[1.033s] -- Detecting C compiler ABI info
[1.086s] -- Detecting C compiler ABI info - done
[1.090s] -- Check for working C compiler: /usr/bin/cc - skipped
[1.090s] -- Detecting C compile features
[1.091s] -- Detecting C compile features - done
[1.092s] -- Detecting CXX compiler ABI info
[1.191s] -- Detecting CXX compiler ABI info - done
[1.199s] -- Check for working CXX compiler: /usr/bin/c++ - skipped
[1.199s] -- Detecting CXX compile features
[1.199s] -- Detecting CXX compile features - done
[1.199s] -- Found ament_cmake: 1.3.10 (/opt/ros/humble/share/ament_cmake/cmake)
[1.561s] -- Found Python3: /usr/bin/python3 (found version "3.10.12") found components: Interpreter 
[1.626s] -- Found rclcpp: 16.0.10 (/opt/ros/humble/share/rclcpp/cmake)
[1.659s] -- Found rosidl_generator_c: 3.1.5 (/opt/ros/humble/share/rosidl_generator_c/cmake)
[1.662s] -- Found rosidl_adapter: 3.1.5 (/opt/ros/humble/share/rosidl_adapter/cmake)
[1.672s] -- Found rosidl_generator_cpp: 3.1.5 (/opt/ros/humble/share/rosidl_generator_cpp/cmake)
[1.681s] -- Using all available rosidl_typesupport_c: rosidl_typesupport_fastrtps_c;rosidl_typesupport_introspection_c
[1.698s] -- Using all available rosidl_typesupport_cpp: rosidl_typesupport_fastrtps_cpp;rosidl_typesupport_introspection_cpp
[1.732s] -- Found rmw_implementation_cmake: 6.1.2 (/opt/ros/humble/share/rmw_implementation_cmake/cmake)
[1.735s] -- Found rmw_fastrtps_cpp: 6.2.7 (/opt/ros/humble/share/rmw_fastrtps_cpp/cmake)
[1.861s] -- Found OpenSSL: /usr/lib/x86_64-linux-gnu/libcrypto.so (found version "3.0.2")  
[1.903s] -- Found FastRTPS: /opt/ros/humble/include  
[1.955s] -- Using RMW implementation 'rmw_fastrtps_cpp' as default
[1.961s] -- Looking for pthread.h
[2.057s] -- Looking for pthread.h - found
[2.057s] -- Performing Test CMAKE_HAVE_LIBC_PTHREAD
[2.224s] -- Performing Test CMAKE_HAVE_LIBC_PTHREAD - Success
[2.226s] -- Found Threads: TRUE  
[2.277s] -- Found ament_lint_auto: 0.12.11 (/opt/ros/humble/share/ament_lint_auto/cmake)
[2.327s] -- Added test 'cppcheck' to perform static code analysis on C / C++ code
[2.327s] -- Configured cppcheck include dirs: 
[2.327s] -- Configured cppcheck exclude dirs and/or files: 
[2.327s] -- Added test 'lint_cmake' to check CMake code style
[2.328s] -- Added test 'uncrustify' to check C / C++ code style
[2.328s] -- Configured uncrustify additional arguments: 
[2.328s] -- Added test 'xmllint' to check XML markup files
[2.329s] -- Configuring done
[2.337s] -- Generating done
[2.338s] -- Build files have been written to: /home/moon/project/ros2_21/build/learning_topic_cpp
[2.349s] Invoked command in '/home/moon/project/ros2_21/build/learning_topic_cpp' returned '0': CMAKE_PREFIX_PATH=${CMAKE_PREFIX_PATH}:/home/moon/project/Pixhawkdrone/install/drone:/opt/ros/humble /usr/bin/cmake /home/moon/project/ros2_21/learning_topic_cpp -DCMAKE_INSTALL_PREFIX=/home/moon/project/ros2_21/install/learning_topic_cpp
[2.350s] Invoking command in '/home/moon/project/ros2_21/build/learning_topic_cpp': CMAKE_PREFIX_PATH=${CMAKE_PREFIX_PATH}:/home/moon/project/Pixhawkdrone/install/drone:/opt/ros/humble /usr/bin/cmake --build /home/moon/project/ros2_21/build/learning_topic_cpp -- -j16 -l16
[2.397s] [ 25%] [32mBuilding CXX object CMakeFiles/topic_helloworld_sub.dir/src/topic_helloworld_sub.cpp.o[0m
[2.398s] [ 50%] [32mBuilding CXX object CMakeFiles/topic_helloworld_pub.dir/src/topic_helloworld_pub.cpp.o[0m
[5.373s] [ 75%] [32m[1mLinking CXX executable topic_helloworld_pub[0m
[5.502s] [ 75%] Built target topic_helloworld_pub
[7.896s] [100%] [32m[1mLinking CXX executable topic_helloworld_sub[0m
[8.138s] [100%] Built target topic_helloworld_sub
[8.148s] Invoked command in '/home/moon/project/ros2_21/build/learning_topic_cpp' returned '0': CMAKE_PREFIX_PATH=${CMAKE_PREFIX_PATH}:/home/moon/project/Pixhawkdrone/install/drone:/opt/ros/humble /usr/bin/cmake --build /home/moon/project/ros2_21/build/learning_topic_cpp -- -j16 -l16
[8.170s] Invoking command in '/home/moon/project/ros2_21/build/learning_topic_cpp': CMAKE_PREFIX_PATH=${CMAKE_PREFIX_PATH}:/home/moon/project/Pixhawkdrone/install/drone:/opt/ros/humble /usr/bin/cmake --install /home/moon/project/ros2_21/build/learning_topic_cpp
[8.177s] -- Install configuration: ""
[8.177s] -- Installing: /home/moon/project/ros2_21/install/learning_topic_cpp/lib/learning_topic_cpp/topic_helloworld_pub
[8.178s] -- Set runtime path of "/home/moon/project/ros2_21/install/learning_topic_cpp/lib/learning_topic_cpp/topic_helloworld_pub" to ""
[8.178s] -- Installing: /home/moon/project/ros2_21/install/learning_topic_cpp/lib/learning_topic_cpp/topic_helloworld_sub
[8.180s] -- Set runtime path of "/home/moon/project/ros2_21/install/learning_topic_cpp/lib/learning_topic_cpp/topic_helloworld_sub" to ""
[8.180s] -- Installing: /home/moon/project/ros2_21/install/learning_topic_cpp/share/ament_index/resource_index/package_run_dependencies/learning_topic_cpp
[8.180s] -- Installing: /home/moon/project/ros2_21/install/learning_topic_cpp/share/ament_index/resource_index/parent_prefix_path/learning_topic_cpp
[8.181s] -- Installing: /home/moon/project/ros2_21/install/learning_topic_cpp/share/learning_topic_cpp/environment/ament_prefix_path.sh
[8.181s] -- Installing: /home/moon/project/ros2_21/install/learning_topic_cpp/share/learning_topic_cpp/environment/ament_prefix_path.dsv
[8.181s] -- Installing: /home/moon/project/ros2_21/install/learning_topic_cpp/share/learning_topic_cpp/environment/path.sh
[8.181s] -- Installing: /home/moon/project/ros2_21/install/learning_topic_cpp/share/learning_topic_cpp/environment/path.dsv
[8.181s] -- Installing: /home/moon/project/ros2_21/install/learning_topic_cpp/share/learning_topic_cpp/local_setup.bash
[8.181s] -- Installing: /home/moon/project/ros2_21/install/learning_topic_cpp/share/learning_topic_cpp/local_setup.sh
[8.181s] -- Installing: /home/moon/project/ros2_21/install/learning_topic_cpp/share/learning_topic_cpp/local_setup.zsh
[8.181s] -- Installing: /home/moon/project/ros2_21/install/learning_topic_cpp/share/learning_topic_cpp/local_setup.dsv
[8.181s] -- Installing: /home/moon/project/ros2_21/install/learning_topic_cpp/share/learning_topic_cpp/package.dsv
[8.181s] -- Installing: /home/moon/project/ros2_21/install/learning_topic_cpp/share/ament_index/resource_index/packages/learning_topic_cpp
[8.182s] -- Installing: /home/moon/project/ros2_21/install/learning_topic_cpp/share/learning_topic_cpp/cmake/learning_topic_cppConfig.cmake
[8.182s] -- Installing: /home/moon/project/ros2_21/install/learning_topic_cpp/share/learning_topic_cpp/cmake/learning_topic_cppConfig-version.cmake
[8.182s] -- Installing: /home/moon/project/ros2_21/install/learning_topic_cpp/share/learning_topic_cpp/package.xml
[8.184s] Invoked command in '/home/moon/project/ros2_21/build/learning_topic_cpp' returned '0': CMAKE_PREFIX_PATH=${CMAKE_PREFIX_PATH}:/home/moon/project/Pixhawkdrone/install/drone:/opt/ros/humble /usr/bin/cmake --install /home/moon/project/ros2_21/build/learning_topic_cpp
