[0.590s] Invoking command in '/home/moon/project/ros2_21/build/learning_pkg_c': CMAKE_PREFIX_PATH=${CMAKE_PREFIX_PATH}:/home/moon/project/Pixhawkdrone/install/drone:/opt/ros/humble /usr/bin/cmake /home/moon/project/ros2_21/learning_pkg_c -DCMAKE_INSTALL_PREFIX=/home/moon/project/ros2_21/install/learning_pkg_c
[0.974s] -- The C compiler identification is GNU 11.4.0
[0.975s] -- The CXX compiler identification is GNU 11.4.0
[0.975s] -- Detecting C compiler ABI info
[0.975s] -- Detecting C compiler ABI info - done
[0.975s] -- Check for working C compiler: /usr/bin/cc - skipped
[0.975s] -- Detecting C compile features
[0.975s] -- Detecting C compile features - done
[0.975s] -- Detecting CXX compiler ABI info
[0.975s] -- Detecting CXX compiler ABI info - done
[0.975s] -- Check for working CXX compiler: /usr/bin/c++ - skipped
[0.975s] -- Detecting CXX compile features
[0.975s] -- Detecting CXX compile features - done
[0.975s] -- Found ament_cmake: 1.3.10 (/opt/ros/humble/share/ament_cmake/cmake)
[1.011s] -- Found Python3: /usr/bin/python3 (found version "3.10.12") found components: Interpreter 
[1.066s] -- Found ament_lint_auto: 0.12.11 (/opt/ros/humble/share/ament_lint_auto/cmake)
[1.122s] -- Added test 'lint_cmake' to check CMake code style
[1.127s] -- Added test 'xmllint' to check XML markup files
[1.127s] -- Configuring done
[1.129s] -- Generating done
[1.130s] -- Build files have been written to: /home/moon/project/ros2_21/build/learning_pkg_c
[1.135s] Invoked command in '/home/moon/project/ros2_21/build/learning_pkg_c' returned '0': CMAKE_PREFIX_PATH=${CMAKE_PREFIX_PATH}:/home/moon/project/Pixhawkdrone/install/drone:/opt/ros/humble /usr/bin/cmake /home/moon/project/ros2_21/learning_pkg_c -DCMAKE_INSTALL_PREFIX=/home/moon/project/ros2_21/install/learning_pkg_c
[1.141s] Invoking command in '/home/moon/project/ros2_21/build/learning_pkg_c': CMAKE_PREFIX_PATH=${CMAKE_PREFIX_PATH}:/home/moon/project/Pixhawkdrone/install/drone:/opt/ros/humble /usr/bin/cmake --build /home/moon/project/ros2_21/build/learning_pkg_c -- -j16 -l16
[1.191s] Invoked command in '/home/moon/project/ros2_21/build/learning_pkg_c' returned '0': CMAKE_PREFIX_PATH=${CMAKE_PREFIX_PATH}:/home/moon/project/Pixhawkdrone/install/drone:/opt/ros/humble /usr/bin/cmake --build /home/moon/project/ros2_21/build/learning_pkg_c -- -j16 -l16
[1.225s] Invoking command in '/home/moon/project/ros2_21/build/learning_pkg_c': CMAKE_PREFIX_PATH=${CMAKE_PREFIX_PATH}:/home/moon/project/Pixhawkdrone/install/drone:/opt/ros/humble /usr/bin/cmake --install /home/moon/project/ros2_21/build/learning_pkg_c
[1.229s] -- Install configuration: ""
[1.229s] -- Installing: /home/moon/project/ros2_21/install/learning_pkg_c/share/ament_index/resource_index/package_run_dependencies/learning_pkg_c
[1.229s] -- Installing: /home/moon/project/ros2_21/install/learning_pkg_c/share/ament_index/resource_index/parent_prefix_path/learning_pkg_c
[1.229s] -- Installing: /home/moon/project/ros2_21/install/learning_pkg_c/share/learning_pkg_c/environment/ament_prefix_path.sh
[1.229s] -- Installing: /home/moon/project/ros2_21/install/learning_pkg_c/share/learning_pkg_c/environment/ament_prefix_path.dsv
[1.229s] -- Installing: /home/moon/project/ros2_21/install/learning_pkg_c/share/learning_pkg_c/environment/path.sh
[1.229s] -- Installing: /home/moon/project/ros2_21/install/learning_pkg_c/share/learning_pkg_c/environment/path.dsv
[1.230s] -- Installing: /home/moon/project/ros2_21/install/learning_pkg_c/share/learning_pkg_c/local_setup.bash
[1.230s] -- Installing: /home/moon/project/ros2_21/install/learning_pkg_c/share/learning_pkg_c/local_setup.sh
[1.230s] -- Installing: /home/moon/project/ros2_21/install/learning_pkg_c/share/learning_pkg_c/local_setup.zsh
[1.230s] -- Installing: /home/moon/project/ros2_21/install/learning_pkg_c/share/learning_pkg_c/local_setup.dsv
[1.230s] -- Installing: /home/moon/project/ros2_21/install/learning_pkg_c/share/learning_pkg_c/package.dsv
[1.230s] -- Installing: /home/moon/project/ros2_21/install/learning_pkg_c/share/ament_index/resource_index/packages/learning_pkg_c
[1.230s] -- Installing: /home/moon/project/ros2_21/install/learning_pkg_c/share/learning_pkg_c/cmake/learning_pkg_cConfig.cmake
[1.231s] -- Installing: /home/moon/project/ros2_21/install/learning_pkg_c/share/learning_pkg_c/cmake/learning_pkg_cConfig-version.cmake
[1.231s] -- Installing: /home/moon/project/ros2_21/install/learning_pkg_c/share/learning_pkg_c/package.xml
[1.233s] Invoked command in '/home/moon/project/ros2_21/build/learning_pkg_c' returned '0': CMAKE_PREFIX_PATH=${CMAKE_PREFIX_PATH}:/home/moon/project/Pixhawkdrone/install/drone:/opt/ros/humble /usr/bin/cmake --install /home/moon/project/ros2_21/build/learning_pkg_c
