[1.705s] Invoking command in '/home/moon/project/ros2_21/learning_pkg_python': PYTHONPATH=/home/moon/project/ros2_21/build/learning_pkg_python/prefix_override:/usr/lib/python3/dist-packages/colcon_core/task/python/colcon_distutils_commands:/home/moon/project/ros2_21/install/learning_pkg_python/lib/python3.10/site-packages:${PYTHONPATH} /usr/bin/python3 -W ignore:setup.py install is deprecated setup.py egg_info --egg-base ../build/learning_pkg_python build --build-base /home/moon/project/ros2_21/build/learning_pkg_python/build install --record /home/moon/project/ros2_21/build/learning_pkg_python/install.log --single-version-externally-managed install_data
[1.946s] running egg_info
[1.946s] creating ../build/learning_pkg_python/learning_pkg_python.egg-info
[1.963s] writing ../build/learning_pkg_python/learning_pkg_python.egg-info/PKG-INFO
[1.963s] writing dependency_links to ../build/learning_pkg_python/learning_pkg_python.egg-info/dependency_links.txt
[1.963s] writing requirements to ../build/learning_pkg_python/learning_pkg_python.egg-info/requires.txt
[1.963s] writing top-level names to ../build/learning_pkg_python/learning_pkg_python.egg-info/top_level.txt
[1.963s] writing manifest file '../build/learning_pkg_python/learning_pkg_python.egg-info/SOURCES.txt'
[1.995s] reading manifest file '../build/learning_pkg_python/learning_pkg_python.egg-info/SOURCES.txt'
[1.998s] writing manifest file '../build/learning_pkg_python/learning_pkg_python.egg-info/SOURCES.txt'
[1.998s] running build
[1.998s] running build_py
[1.998s] creating /home/moon/project/ros2_21/build/learning_pkg_python/build
[1.998s] creating /home/moon/project/ros2_21/build/learning_pkg_python/build/lib
[1.998s] creating /home/moon/project/ros2_21/build/learning_pkg_python/build/lib/learning_pkg_python
[1.999s] copying learning_pkg_python/__init__.py -> /home/moon/project/ros2_21/build/learning_pkg_python/build/lib/learning_pkg_python
[1.999s] running install
[2.001s] running install_lib
[2.016s] creating /home/moon/project/ros2_21/install/learning_pkg_python/lib/python3.10/site-packages/learning_pkg_python
[2.017s] copying /home/moon/project/ros2_21/build/learning_pkg_python/build/lib/learning_pkg_python/__init__.py -> /home/moon/project/ros2_21/install/learning_pkg_python/lib/python3.10/site-packages/learning_pkg_python
[2.017s] byte-compiling /home/moon/project/ros2_21/install/learning_pkg_python/lib/python3.10/site-packages/learning_pkg_python/__init__.py to __init__.cpython-310.pyc
[2.017s] running install_data
[2.017s] creating /home/moon/project/ros2_21/install/learning_pkg_python/share/ament_index
[2.018s] creating /home/moon/project/ros2_21/install/learning_pkg_python/share/ament_index/resource_index
[2.018s] creating /home/moon/project/ros2_21/install/learning_pkg_python/share/ament_index/resource_index/packages
[2.018s] copying resource/learning_pkg_python -> /home/moon/project/ros2_21/install/learning_pkg_python/share/ament_index/resource_index/packages
[2.018s] copying package.xml -> /home/moon/project/ros2_21/install/learning_pkg_python/share/learning_pkg_python
[2.018s] running install_egg_info
[2.034s] Copying ../build/learning_pkg_python/learning_pkg_python.egg-info to /home/moon/project/ros2_21/install/learning_pkg_python/lib/python3.10/site-packages/learning_pkg_python-0.0.0-py3.10.egg-info
[2.035s] running install_scripts
[2.168s] writing list of installed files to '/home/moon/project/ros2_21/build/learning_pkg_python/install.log'
[2.235s] Invoked command in '/home/moon/project/ros2_21/learning_pkg_python' returned '0': PYTHONPATH=/home/moon/project/ros2_21/build/learning_pkg_python/prefix_override:/usr/lib/python3/dist-packages/colcon_core/task/python/colcon_distutils_commands:/home/moon/project/ros2_21/install/learning_pkg_python/lib/python3.10/site-packages:${PYTHONPATH} /usr/bin/python3 -W ignore:setup.py install is deprecated setup.py egg_info --egg-base ../build/learning_pkg_python build --build-base /home/moon/project/ros2_21/build/learning_pkg_python/build install --record /home/moon/project/ros2_21/build/learning_pkg_python/install.log --single-version-externally-managed install_data
