[1.715s] Invoking command in '/home/moon/project/ros2_21/learning_tf': PYTHONPATH=/home/moon/project/ros2_21/build/learning_tf/prefix_override:/usr/lib/python3/dist-packages/colcon_core/task/python/colcon_distutils_commands:/home/moon/project/ros2_21/install/learning_tf/lib/python3.10/site-packages:${PYTHONPATH} /usr/bin/python3 -W ignore:setup.py install is deprecated setup.py egg_info --egg-base ../build/learning_tf build --build-base /home/moon/project/ros2_21/build/learning_tf/build install --record /home/moon/project/ros2_21/build/learning_tf/install.log --single-version-externally-managed install_data
[2.099s] running egg_info
[2.099s] creating ../build/learning_tf/learning_tf.egg-info
[2.099s] writing ../build/learning_tf/learning_tf.egg-info/PKG-INFO
[2.099s] writing dependency_links to ../build/learning_tf/learning_tf.egg-info/dependency_links.txt
[2.099s] writing entry points to ../build/learning_tf/learning_tf.egg-info/entry_points.txt
[2.099s] writing requirements to ../build/learning_tf/learning_tf.egg-info/requires.txt
[2.099s] writing top-level names to ../build/learning_tf/learning_tf.egg-info/top_level.txt
[2.099s] writing manifest file '../build/learning_tf/learning_tf.egg-info/SOURCES.txt'
[2.099s] reading manifest file '../build/learning_tf/learning_tf.egg-info/SOURCES.txt'
[2.099s] writing manifest file '../build/learning_tf/learning_tf.egg-info/SOURCES.txt'
[2.099s] running build
[2.099s] running build_py
[2.099s] creating /home/moon/project/ros2_21/build/learning_tf/build
[2.099s] creating /home/moon/project/ros2_21/build/learning_tf/build/lib
[2.099s] creating /home/moon/project/ros2_21/build/learning_tf/build/lib/learning_tf
[2.099s] copying learning_tf/turtle_following.py -> /home/moon/project/ros2_21/build/learning_tf/build/lib/learning_tf
[2.099s] copying learning_tf/__init__.py -> /home/moon/project/ros2_21/build/learning_tf/build/lib/learning_tf
[2.099s] copying learning_tf/static_tf_broadcaster.py -> /home/moon/project/ros2_21/build/learning_tf/build/lib/learning_tf
[2.100s] copying learning_tf/turtle_tf_broadcaster.py -> /home/moon/project/ros2_21/build/learning_tf/build/lib/learning_tf
[2.100s] copying learning_tf/tf_listener.py -> /home/moon/project/ros2_21/build/learning_tf/build/lib/learning_tf
[2.100s] running install
[2.100s] running install_lib
[2.100s] creating /home/moon/project/ros2_21/install/learning_tf/lib/python3.10/site-packages/learning_tf
[2.100s] copying /home/moon/project/ros2_21/build/learning_tf/build/lib/learning_tf/turtle_following.py -> /home/moon/project/ros2_21/install/learning_tf/lib/python3.10/site-packages/learning_tf
[2.100s] copying /home/moon/project/ros2_21/build/learning_tf/build/lib/learning_tf/__init__.py -> /home/moon/project/ros2_21/install/learning_tf/lib/python3.10/site-packages/learning_tf
[2.100s] copying /home/moon/project/ros2_21/build/learning_tf/build/lib/learning_tf/static_tf_broadcaster.py -> /home/moon/project/ros2_21/install/learning_tf/lib/python3.10/site-packages/learning_tf
[2.100s] copying /home/moon/project/ros2_21/build/learning_tf/build/lib/learning_tf/turtle_tf_broadcaster.py -> /home/moon/project/ros2_21/install/learning_tf/lib/python3.10/site-packages/learning_tf
[2.100s] copying /home/moon/project/ros2_21/build/learning_tf/build/lib/learning_tf/tf_listener.py -> /home/moon/project/ros2_21/install/learning_tf/lib/python3.10/site-packages/learning_tf
[2.100s] byte-compiling /home/moon/project/ros2_21/install/learning_tf/lib/python3.10/site-packages/learning_tf/turtle_following.py to turtle_following.cpython-310.pyc
[2.100s] byte-compiling /home/moon/project/ros2_21/install/learning_tf/lib/python3.10/site-packages/learning_tf/__init__.py to __init__.cpython-310.pyc
[2.100s] byte-compiling /home/moon/project/ros2_21/install/learning_tf/lib/python3.10/site-packages/learning_tf/static_tf_broadcaster.py to static_tf_broadcaster.cpython-310.pyc
[2.100s] byte-compiling /home/moon/project/ros2_21/install/learning_tf/lib/python3.10/site-packages/learning_tf/turtle_tf_broadcaster.py to turtle_tf_broadcaster.cpython-310.pyc
[2.100s] byte-compiling /home/moon/project/ros2_21/install/learning_tf/lib/python3.10/site-packages/learning_tf/tf_listener.py to tf_listener.cpython-310.pyc
[2.100s] running install_data
[2.100s] creating /home/moon/project/ros2_21/install/learning_tf/share/ament_index
[2.100s] creating /home/moon/project/ros2_21/install/learning_tf/share/ament_index/resource_index
[2.100s] creating /home/moon/project/ros2_21/install/learning_tf/share/ament_index/resource_index/packages
[2.100s] copying resource/learning_tf -> /home/moon/project/ros2_21/install/learning_tf/share/ament_index/resource_index/packages
[2.100s] copying package.xml -> /home/moon/project/ros2_21/install/learning_tf/share/learning_tf
[2.100s] creating /home/moon/project/ros2_21/install/learning_tf/share/learning_tf/launch
[2.100s] copying launch/turtle_following_demo.launch.py -> /home/moon/project/ros2_21/install/learning_tf/share/learning_tf/launch
[2.100s] running install_egg_info
[2.101s] Copying ../build/learning_tf/learning_tf.egg-info to /home/moon/project/ros2_21/install/learning_tf/lib/python3.10/site-packages/learning_tf-0.0.0-py3.10.egg-info
[2.101s] running install_scripts
[2.189s] Installing static_tf_broadcaster script to /home/moon/project/ros2_21/install/learning_tf/lib/learning_tf
[2.189s] Installing tf_listener script to /home/moon/project/ros2_21/install/learning_tf/lib/learning_tf
[2.189s] Installing turtle_following script to /home/moon/project/ros2_21/install/learning_tf/lib/learning_tf
[2.190s] Installing turtle_tf_broadcaster script to /home/moon/project/ros2_21/install/learning_tf/lib/learning_tf
[2.190s] writing list of installed files to '/home/moon/project/ros2_21/build/learning_tf/install.log'
[2.242s] Invoked command in '/home/moon/project/ros2_21/learning_tf' returned '0': PYTHONPATH=/home/moon/project/ros2_21/build/learning_tf/prefix_override:/usr/lib/python3/dist-packages/colcon_core/task/python/colcon_distutils_commands:/home/moon/project/ros2_21/install/learning_tf/lib/python3.10/site-packages:${PYTHONPATH} /usr/bin/python3 -W ignore:setup.py install is deprecated setup.py egg_info --egg-base ../build/learning_tf build --build-base /home/moon/project/ros2_21/build/learning_tf/build install --record /home/moon/project/ros2_21/build/learning_tf/install.log --single-version-externally-managed install_data
