[1.725s] Invoking command in '/home/moon/project/ros2_21/learning_node': PYTHONPATH=/home/moon/project/ros2_21/build/learning_node/prefix_override:/usr/lib/python3/dist-packages/colcon_core/task/python/colcon_distutils_commands:/home/moon/project/ros2_21/install/learning_node/lib/python3.10/site-packages:${PYTHONPATH} /usr/bin/python3 -W ignore:setup.py install is deprecated setup.py egg_info --egg-base ../build/learning_node build --build-base /home/moon/project/ros2_21/build/learning_node/build install --record /home/moon/project/ros2_21/build/learning_node/install.log --single-version-externally-managed install_data
[1.981s] running egg_info
[1.981s] creating ../build/learning_node/learning_node.egg-info
[1.995s] writing ../build/learning_node/learning_node.egg-info/PKG-INFO
[1.996s] writing dependency_links to ../build/learning_node/learning_node.egg-info/dependency_links.txt
[1.996s] writing entry points to ../build/learning_node/learning_node.egg-info/entry_points.txt
[1.996s] writing requirements to ../build/learning_node/learning_node.egg-info/requires.txt
[1.996s] writing top-level names to ../build/learning_node/learning_node.egg-info/top_level.txt
[1.997s] writing manifest file '../build/learning_node/learning_node.egg-info/SOURCES.txt'
[2.027s] reading manifest file '../build/learning_node/learning_node.egg-info/SOURCES.txt'
[2.030s] writing manifest file '../build/learning_node/learning_node.egg-info/SOURCES.txt'
[2.030s] running build
[2.031s] running build_py
[2.031s] creating /home/moon/project/ros2_21/build/learning_node/build
[2.031s] creating /home/moon/project/ros2_21/build/learning_node/build/lib
[2.031s] creating /home/moon/project/ros2_21/build/learning_node/build/lib/learning_node
[2.031s] copying learning_node/node_object.py -> /home/moon/project/ros2_21/build/learning_node/build/lib/learning_node
[2.031s] copying learning_node/node_object_webcam.py -> /home/moon/project/ros2_21/build/learning_node/build/lib/learning_node
[2.031s] copying learning_node/node_helloworld.py -> /home/moon/project/ros2_21/build/learning_node/build/lib/learning_node
[2.031s] copying learning_node/node_helloworld_class.py -> /home/moon/project/ros2_21/build/learning_node/build/lib/learning_node
[2.031s] copying learning_node/__init__.py -> /home/moon/project/ros2_21/build/learning_node/build/lib/learning_node
[2.031s] running install
[2.036s] running install_lib
[2.051s] creating /home/moon/project/ros2_21/install/learning_node/lib/python3.10/site-packages/learning_node
[2.052s] copying /home/moon/project/ros2_21/build/learning_node/build/lib/learning_node/node_object.py -> /home/moon/project/ros2_21/install/learning_node/lib/python3.10/site-packages/learning_node
[2.052s] copying /home/moon/project/ros2_21/build/learning_node/build/lib/learning_node/node_object_webcam.py -> /home/moon/project/ros2_21/install/learning_node/lib/python3.10/site-packages/learning_node
[2.052s] copying /home/moon/project/ros2_21/build/learning_node/build/lib/learning_node/node_helloworld.py -> /home/moon/project/ros2_21/install/learning_node/lib/python3.10/site-packages/learning_node
[2.052s] copying /home/moon/project/ros2_21/build/learning_node/build/lib/learning_node/node_helloworld_class.py -> /home/moon/project/ros2_21/install/learning_node/lib/python3.10/site-packages/learning_node
[2.052s] copying /home/moon/project/ros2_21/build/learning_node/build/lib/learning_node/__init__.py -> /home/moon/project/ros2_21/install/learning_node/lib/python3.10/site-packages/learning_node
[2.052s] byte-compiling /home/moon/project/ros2_21/install/learning_node/lib/python3.10/site-packages/learning_node/node_object.py to node_object.cpython-310.pyc
[2.053s] byte-compiling /home/moon/project/ros2_21/install/learning_node/lib/python3.10/site-packages/learning_node/node_object_webcam.py to node_object_webcam.cpython-310.pyc
[2.053s] byte-compiling /home/moon/project/ros2_21/install/learning_node/lib/python3.10/site-packages/learning_node/node_helloworld.py to node_helloworld.cpython-310.pyc
[2.054s] byte-compiling /home/moon/project/ros2_21/install/learning_node/lib/python3.10/site-packages/learning_node/node_helloworld_class.py to node_helloworld_class.cpython-310.pyc
[2.057s] byte-compiling /home/moon/project/ros2_21/install/learning_node/lib/python3.10/site-packages/learning_node/__init__.py to __init__.cpython-310.pyc
[2.057s] running install_data
[2.058s] creating /home/moon/project/ros2_21/install/learning_node/share/ament_index
[2.058s] creating /home/moon/project/ros2_21/install/learning_node/share/ament_index/resource_index
[2.058s] creating /home/moon/project/ros2_21/install/learning_node/share/ament_index/resource_index/packages
[2.058s] copying resource/learning_node -> /home/moon/project/ros2_21/install/learning_node/share/ament_index/resource_index/packages
[2.058s] copying package.xml -> /home/moon/project/ros2_21/install/learning_node/share/learning_node
[2.058s] running install_egg_info
[2.072s] Copying ../build/learning_node/learning_node.egg-info to /home/moon/project/ros2_21/install/learning_node/lib/python3.10/site-packages/learning_node-0.0.0-py3.10.egg-info
[2.073s] running install_scripts
[2.212s] Installing node_helloworld script to /home/moon/project/ros2_21/install/learning_node/lib/learning_node
[2.212s] Installing node_helloworld_class script to /home/moon/project/ros2_21/install/learning_node/lib/learning_node
[2.213s] Installing node_object script to /home/moon/project/ros2_21/install/learning_node/lib/learning_node
[2.213s] Installing node_object_webcam script to /home/moon/project/ros2_21/install/learning_node/lib/learning_node
[2.214s] writing list of installed files to '/home/moon/project/ros2_21/build/learning_node/install.log'
[2.278s] Invoked command in '/home/moon/project/ros2_21/learning_node' returned '0': PYTHONPATH=/home/moon/project/ros2_21/build/learning_node/prefix_override:/usr/lib/python3/dist-packages/colcon_core/task/python/colcon_distutils_commands:/home/moon/project/ros2_21/install/learning_node/lib/python3.10/site-packages:${PYTHONPATH} /usr/bin/python3 -W ignore:setup.py install is deprecated setup.py egg_info --egg-base ../build/learning_node build --build-base /home/moon/project/ros2_21/build/learning_node/build install --record /home/moon/project/ros2_21/build/learning_node/install.log --single-version-externally-managed install_data
