[0.591s] Invoking command in '/home/moon/project/ros2_21/build/learning_parameter_cpp': CMAKE_PREFIX_PATH=${CMAKE_PREFIX_PATH}:/home/moon/project/Pixhawkdrone/install/drone:/opt/ros/humble /usr/bin/cmake /home/moon/project/ros2_21/learning_parameter_cpp -DCMAKE_INSTALL_PREFIX=/home/moon/project/ros2_21/install/learning_parameter_cpp
[0.976s] -- The C compiler identification is GNU 11.4.0
[0.976s] -- The CXX compiler identification is GNU 11.4.0
[0.976s] -- Detecting C compiler ABI info
[0.976s] -- Detecting C compiler ABI info - done
[0.976s] -- Check for working C compiler: /usr/bin/cc - skipped
[0.976s] -- Detecting C compile features
[0.976s] -- Detecting C compile features - done
[0.976s] -- Detecting CXX compiler ABI info
[0.976s] -- Detecting CXX compiler ABI info - done
[0.976s] -- Check for working CXX compiler: /usr/bin/c++ - skipped
[0.976s] -- Detecting CXX compile features
[0.976s] -- Detecting CXX compile features - done
[0.976s] -- Found ament_cmake: 1.3.10 (/opt/ros/humble/share/ament_cmake/cmake)
[1.005s] -- Found Python3: /usr/bin/python3 (found version "3.10.12") found components: Interpreter 
[1.061s] -- Found rclcpp: 16.0.10 (/opt/ros/humble/share/rclcpp/cmake)
[1.089s] -- Found rosidl_generator_c: 3.1.5 (/opt/ros/humble/share/rosidl_generator_c/cmake)
[1.093s] -- Found rosidl_adapter: 3.1.5 (/opt/ros/humble/share/rosidl_adapter/cmake)
[1.100s] -- Found rosidl_generator_cpp: 3.1.5 (/opt/ros/humble/share/rosidl_generator_cpp/cmake)
[1.110s] -- Using all available rosidl_typesupport_c: rosidl_typesupport_fastrtps_c;rosidl_typesupport_introspection_c
[1.129s] -- Using all available rosidl_typesupport_cpp: rosidl_typesupport_fastrtps_cpp;rosidl_typesupport_introspection_cpp
[1.164s] -- Found rmw_implementation_cmake: 6.1.2 (/opt/ros/humble/share/rmw_implementation_cmake/cmake)
[1.166s] -- Found rmw_fastrtps_cpp: 6.2.7 (/opt/ros/humble/share/rmw_fastrtps_cpp/cmake)
[1.258s] -- Found OpenSSL: /usr/lib/x86_64-linux-gnu/libcrypto.so (found version "3.0.2")  
[1.290s] -- Found FastRTPS: /opt/ros/humble/include  
[1.337s] -- Using RMW implementation 'rmw_fastrtps_cpp' as default
[1.346s] -- Looking for pthread.h
[1.429s] -- Looking for pthread.h - found
[1.429s] -- Performing Test CMAKE_HAVE_LIBC_PTHREAD
[1.510s] -- Performing Test CMAKE_HAVE_LIBC_PTHREAD - Success
[1.511s] -- Found Threads: TRUE  
[1.565s] -- Found ament_lint_auto: 0.12.11 (/opt/ros/humble/share/ament_lint_auto/cmake)
[1.645s] -- Added test 'cppcheck' to perform static code analysis on C / C++ code
[1.645s] -- Configured cppcheck include dirs: 
[1.645s] -- Configured cppcheck exclude dirs and/or files: 
[1.646s] -- Added test 'lint_cmake' to check CMake code style
[1.647s] -- Added test 'uncrustify' to check C / C++ code style
[1.647s] -- Configured uncrustify additional arguments: 
[1.647s] -- Added test 'xmllint' to check XML markup files
[1.649s] -- Configuring done
[1.658s] -- Generating done
[1.660s] -- Build files have been written to: /home/moon/project/ros2_21/build/learning_parameter_cpp
[1.675s] Invoked command in '/home/moon/project/ros2_21/build/learning_parameter_cpp' returned '0': CMAKE_PREFIX_PATH=${CMAKE_PREFIX_PATH}:/home/moon/project/Pixhawkdrone/install/drone:/opt/ros/humble /usr/bin/cmake /home/moon/project/ros2_21/learning_parameter_cpp -DCMAKE_INSTALL_PREFIX=/home/moon/project/ros2_21/install/learning_parameter_cpp
[1.677s] Invoking command in '/home/moon/project/ros2_21/build/learning_parameter_cpp': CMAKE_PREFIX_PATH=${CMAKE_PREFIX_PATH}:/home/moon/project/Pixhawkdrone/install/drone:/opt/ros/humble /usr/bin/cmake --build /home/moon/project/ros2_21/build/learning_parameter_cpp -- -j16 -l16
[1.738s] [ 50%] [32mBuilding CXX object CMakeFiles/param_declare.dir/src/param_declare.cpp.o[0m
[4.186s] [100%] [32m[1mLinking CXX executable param_declare[0m
[4.285s] [100%] Built target param_declare
[4.331s] Invoked command in '/home/moon/project/ros2_21/build/learning_parameter_cpp' returned '0': CMAKE_PREFIX_PATH=${CMAKE_PREFIX_PATH}:/home/moon/project/Pixhawkdrone/install/drone:/opt/ros/humble /usr/bin/cmake --build /home/moon/project/ros2_21/build/learning_parameter_cpp -- -j16 -l16
[4.355s] Invoking command in '/home/moon/project/ros2_21/build/learning_parameter_cpp': CMAKE_PREFIX_PATH=${CMAKE_PREFIX_PATH}:/home/moon/project/Pixhawkdrone/install/drone:/opt/ros/humble /usr/bin/cmake --install /home/moon/project/ros2_21/build/learning_parameter_cpp
[4.361s] -- Install configuration: ""
[4.361s] -- Installing: /home/moon/project/ros2_21/install/learning_parameter_cpp/lib/learning_parameter_cpp/param_declare
[4.362s] -- Set runtime path of "/home/moon/project/ros2_21/install/learning_parameter_cpp/lib/learning_parameter_cpp/param_declare" to ""
[4.362s] -- Installing: /home/moon/project/ros2_21/install/learning_parameter_cpp/share/ament_index/resource_index/package_run_dependencies/learning_parameter_cpp
[4.362s] -- Installing: /home/moon/project/ros2_21/install/learning_parameter_cpp/share/ament_index/resource_index/parent_prefix_path/learning_parameter_cpp
[4.362s] -- Installing: /home/moon/project/ros2_21/install/learning_parameter_cpp/share/learning_parameter_cpp/environment/ament_prefix_path.sh
[4.362s] -- Installing: /home/moon/project/ros2_21/install/learning_parameter_cpp/share/learning_parameter_cpp/environment/ament_prefix_path.dsv
[4.362s] -- Installing: /home/moon/project/ros2_21/install/learning_parameter_cpp/share/learning_parameter_cpp/environment/path.sh
[4.362s] -- Installing: /home/moon/project/ros2_21/install/learning_parameter_cpp/share/learning_parameter_cpp/environment/path.dsv
[4.362s] -- Installing: /home/moon/project/ros2_21/install/learning_parameter_cpp/share/learning_parameter_cpp/local_setup.bash
[4.363s] -- Installing: /home/moon/project/ros2_21/install/learning_parameter_cpp/share/learning_parameter_cpp/local_setup.sh
[4.363s] -- Installing: /home/moon/project/ros2_21/install/learning_parameter_cpp/share/learning_parameter_cpp/local_setup.zsh
[4.363s] -- Installing: /home/moon/project/ros2_21/install/learning_parameter_cpp/share/learning_parameter_cpp/local_setup.dsv
[4.363s] -- Installing: /home/moon/project/ros2_21/install/learning_parameter_cpp/share/learning_parameter_cpp/package.dsv
[4.363s] -- Installing: /home/moon/project/ros2_21/install/learning_parameter_cpp/share/ament_index/resource_index/packages/learning_parameter_cpp
[4.363s] -- Installing: /home/moon/project/ros2_21/install/learning_parameter_cpp/share/learning_parameter_cpp/cmake/learning_parameter_cppConfig.cmake
[4.363s] -- Installing: /home/moon/project/ros2_21/install/learning_parameter_cpp/share/learning_parameter_cpp/cmake/learning_parameter_cppConfig-version.cmake
[4.363s] -- Installing: /home/moon/project/ros2_21/install/learning_parameter_cpp/share/learning_parameter_cpp/package.xml
[4.365s] Invoked command in '/home/moon/project/ros2_21/build/learning_parameter_cpp' returned '0': CMAKE_PREFIX_PATH=${CMAKE_PREFIX_PATH}:/home/moon/project/Pixhawkdrone/install/drone:/opt/ros/humble /usr/bin/cmake --install /home/moon/project/ros2_21/build/learning_parameter_cpp
